This is XeTeX, Version 3.14159265-2.6-0.99999 (TeX Live 2018/W32TeX) (preloaded format=xelatex 2018.12.27)  28 DEC 2018 15:17
entering extended mode
 restricted \write18 enabled.
 %&-line parsing enabled.
**main.tex
(./main.tex
LaTeX2e <2018-12-01>
(./buaathesis.cls
Document Class: buaathesis 2012/07/06 v0.8 The LaTeX template for thesis of BUA
A
Document Class `buaathesis' v0.8 by BHOSC (2012/07)
(c:/ProgramData/texlive/2018/texmf-dist/tex/latex/ctex/ctexbook.cls
(c:/ProgramData/texlive/2018/texmf-dist/tex/latex/l3kernel/expl3.sty
Package: expl3 2018-12-12 L3 programming layer (loader) 

(c:/ProgramData/texlive/2018/texmf-dist/tex/latex/l3kernel/expl3-code.tex
Package: expl3 2018-12-12 L3 programming layer (code)
\c_max_int=\count80
\l_tmpa_int=\count81
\l_tmpb_int=\count82
\g_tmpa_int=\count83
\g_tmpb_int=\count84
\g__kernel_prg_map_int=\count85
\c_log_iow=\count86
\l_iow_line_count_int=\count87
\l__iow_line_target_int=\count88
\l__iow_one_indent_int=\count89
\l__iow_indent_int=\count90
\c_zero_dim=\dimen102
\c_max_dim=\dimen103
\l_tmpa_dim=\dimen104
\l_tmpb_dim=\dimen105
\g_tmpa_dim=\dimen106
\g_tmpb_dim=\dimen107
\c_zero_skip=\skip41
\c_max_skip=\skip42
\l_tmpa_skip=\skip43
\l_tmpb_skip=\skip44
\g_tmpa_skip=\skip45
\g_tmpb_skip=\skip46
\c_zero_muskip=\muskip10
\c_max_muskip=\muskip11
\l_tmpa_muskip=\muskip12
\l_tmpb_muskip=\muskip13
\g_tmpa_muskip=\muskip14
\g_tmpb_muskip=\muskip15
\l_keys_choice_int=\count91
\l__intarray_loop_int=\count92
\c__intarray_sp_dim=\dimen108
\g__intarray_font_int=\count93
\c__fp_leading_shift_int=\count94
\c__fp_middle_shift_int=\count95
\c__fp_trailing_shift_int=\count96
\c__fp_big_leading_shift_int=\count97
\c__fp_big_middle_shift_int=\count98
\c__fp_big_trailing_shift_int=\count99
\c__fp_Bigg_leading_shift_int=\count100
\c__fp_Bigg_middle_shift_int=\count101
\c__fp_Bigg_trailing_shift_int=\count102
\g__fp_array_int=\count103
\l__fp_array_loop_int=\count104
\l__sort_length_int=\count105
\l__sort_min_int=\count106
\l__sort_top_int=\count107
\l__sort_max_int=\count108
\l__sort_true_max_int=\count109
\l__sort_block_int=\count110
\l__sort_begin_int=\count111
\l__sort_end_int=\count112
\l__sort_A_int=\count113
\l__sort_B_int=\count114
\l__sort_C_int=\count115
\l__tl_analysis_normal_int=\count116
\l__tl_analysis_index_int=\count117
\l__tl_analysis_nesting_int=\count118
\l__tl_analysis_type_int=\count119
\l__regex_internal_a_int=\count120
\l__regex_internal_b_int=\count121
\l__regex_internal_c_int=\count122
\l__regex_balance_int=\count123
\l__regex_group_level_int=\count124
\l__regex_mode_int=\count125
\c__regex_cs_in_class_mode_int=\count126
\c__regex_cs_mode_int=\count127
\l__regex_catcodes_int=\count128
\l__regex_default_catcodes_int=\count129
\c__regex_catcode_L_int=\count130
\c__regex_catcode_O_int=\count131
\c__regex_catcode_A_int=\count132
\c__regex_all_catcodes_int=\count133
\l__regex_show_lines_int=\count134
\l__regex_min_state_int=\count135
\l__regex_max_state_int=\count136
\l__regex_left_state_int=\count137
\l__regex_right_state_int=\count138
\l__regex_capturing_group_int=\count139
\l__regex_min_pos_int=\count140
\l__regex_max_pos_int=\count141
\l__regex_curr_pos_int=\count142
\l__regex_start_pos_int=\count143
\l__regex_success_pos_int=\count144
\l__regex_curr_char_int=\count145
\l__regex_curr_catcode_int=\count146
\l__regex_last_char_int=\count147
\l__regex_case_changed_char_int=\count148
\l__regex_curr_state_int=\count149
\l__regex_step_int=\count150
\l__regex_min_active_int=\count151
\l__regex_max_active_int=\count152
\l__regex_replacement_csnames_int=\count153
\l__regex_match_count_int=\count154
\l__regex_min_submatch_int=\count155
\l__regex_submatch_int=\count156
\l__regex_zeroth_submatch_int=\count157
\g__regex_trace_regex_int=\count158
\c_empty_box=\box27
\l_tmpa_box=\box28
\l_tmpb_box=\box29
\g_tmpa_box=\box30
\g_tmpb_box=\box31
\l__box_top_dim=\dimen109
\l__box_bottom_dim=\dimen110
\l__box_left_dim=\dimen111
\l__box_right_dim=\dimen112
\l__box_top_new_dim=\dimen113
\l__box_bottom_new_dim=\dimen114
\l__box_left_new_dim=\dimen115
\l__box_right_new_dim=\dimen116
\l__box_internal_box=\box32
\l__coffin_internal_box=\box33
\l__coffin_internal_dim=\dimen117
\l__coffin_offset_x_dim=\dimen118
\l__coffin_offset_y_dim=\dimen119
\l__coffin_x_dim=\dimen120
\l__coffin_y_dim=\dimen121
\l__coffin_x_prime_dim=\dimen122
\l__coffin_y_prime_dim=\dimen123
\c_empty_coffin=\box34
\l__coffin_aligned_coffin=\box35
\l__coffin_aligned_internal_coffin=\box36
\l_tmpa_coffin=\box37
\l_tmpb_coffin=\box38
\l__coffin_display_coffin=\box39
\l__coffin_display_coord_coffin=\box40
\l__coffin_display_pole_coffin=\box41
\l__coffin_display_offset_dim=\dimen124
\l__coffin_display_x_dim=\dimen125
\l__coffin_display_y_dim=\dimen126
\g__file_internal_ior=\read1
\l__coffin_bounding_shift_dim=\dimen127
\l__coffin_left_corner_dim=\dimen128
\l__coffin_right_corner_dim=\dimen129
\l__coffin_bottom_corner_dim=\dimen130
\l__coffin_top_corner_dim=\dimen131
\l__coffin_scaled_total_height_dim=\dimen132
\l__coffin_scaled_width_dim=\dimen133
)
(c:/ProgramData/texlive/2018/texmf-dist/tex/latex/l3kernel/l3xdvipdfmx.def
File: l3xdvidpfmx.def 2018-12-12 v L3 Experimental driver: xdvipdfmx
\g__driver_image_int=\count159
\g__driver_pdf_object_int=\count160
))
Document Class: ctexbook 2018/05/02 v2.4.14 Chinese adapter for class book (CTE
X)
(c:/ProgramData/texlive/2018/texmf-dist/tex/latex/l3packages/xparse/xparse.sty
Package: xparse 2018-10-17 L3 Experimental document command parser
\l__xparse_current_arg_int=\count161
\g__xparse_grabber_int=\count162
\l__xparse_m_args_int=\count163
\l__xparse_mandatory_args_int=\count164
\l__xparse_v_nesting_int=\count165
)
(c:/ProgramData/texlive/2018/texmf-dist/tex/latex/l3packages/l3keys2e/l3keys2e.
sty
Package: l3keys2e 2018-10-17 LaTeX2e option processing using LaTeX3 keys
) (c:/ProgramData/texlive/2018/texmf-dist/tex/latex/ctex/ctexhook.sty
Package: ctexhook 2018/05/02 v2.4.14 Document and package hooks (CTEX)
)
(c:/ProgramData/texlive/2018/texmf-dist/tex/latex/ctex/ctexpatch.sty
Package: ctexpatch 2018/05/02 v2.4.14 Patching commands (CTEX)
)
(c:/ProgramData/texlive/2018/texmf-dist/tex/latex/base/fix-cm.sty
Package: fix-cm 2015/01/14 v1.1t fixes to LaTeX

(c:/ProgramData/texlive/2018/texmf-dist/tex/latex/base/ts1enc.def
File: ts1enc.def 2001/06/05 v3.0e (jk/car/fm) Standard LaTeX file
))
(c:/ProgramData/texlive/2018/texmf-dist/tex/latex/ms/everysel.sty
Package: everysel 2011/10/28 v1.2 EverySelectfont Package (MS)
)
\l__ctex_tmp_int=\count166
\l__ctex_tmp_box=\box42
\l__ctex_tmp_dim=\dimen134
\g__ctex_font_size_flag=\count167

(c:/ProgramData/texlive/2018/texmf-dist/tex/latex/ctex/config/ctexopts.cfg
File: ctexopts.cfg 2018/05/02 v2.4.14 Option configuration file (CTEX)
)
(c:/ProgramData/texlive/2018/texmf-dist/tex/latex/base/book.cls
Document Class: book 2018/09/03 v1.4i Standard LaTeX document class
(c:/ProgramData/texlive/2018/texmf-dist/tex/latex/base/bk12.clo
File: bk12.clo 2018/09/03 v1.4i Standard LaTeX file (size option)
)
\c@part=\count168
\c@chapter=\count169
\c@section=\count170
\c@subsection=\count171
\c@subsubsection=\count172
\c@paragraph=\count173
\c@subparagraph=\count174
\c@figure=\count175
\c@table=\count176
\abovecaptionskip=\skip47
\belowcaptionskip=\skip48
\bibindent=\dimen135
)
(c:/ProgramData/texlive/2018/texmf-dist/tex/latex/ctex/engine/ctex-engine-xetex
.def
File: ctex-engine-xetex.def 2018/05/02 v2.4.14 XeLaTeX adapter (CTEX)
 (c:/ProgramData/texlive/2018/texmf-dist/tex/xelatex/xecjk/xeCJK.sty
Package: xeCJK 2018/04/30 v3.7.1 Typesetting CJK scripts with XeLaTeX

(c:/ProgramData/texlive/2018/texmf-dist/tex/latex/l3packages/xtemplate/xtemplat
e.sty
Package: xtemplate 2018-10-17 L3 Experimental prototype document functions
\l__xtemplate_tmp_dim=\dimen136
\l__xtemplate_tmp_int=\count177
\l__xtemplate_tmp_muskip=\muskip16
\l__xtemplate_tmp_skip=\skip49
)
\l__xeCJK_tmp_int=\count178
\l__xeCJK_tmp_box=\box43
\l__xeCJK_tmp_dim=\dimen137
\l__xeCJK_tmp_skip=\skip50
\g__xeCJK_space_factor_int=\count179
\l__xeCJK_begin_int=\count180
\l__xeCJK_end_int=\count181
\c__xeCJK_CJK_class_int=\XeTeXcharclass1
\c__xeCJK_FullLeft_class_int=\XeTeXcharclass2
\c__xeCJK_FullRight_class_int=\XeTeXcharclass3
\c__xeCJK_HalfLeft_class_int=\XeTeXcharclass4
\c__xeCJK_HalfRight_class_int=\XeTeXcharclass5
\c__xeCJK_NormalSpace_class_int=\XeTeXcharclass6
\c__xeCJK_CM_class_int=\XeTeXcharclass7
\c__xeCJK_HangulJamo_class_int=\XeTeXcharclass8
\l__xeCJK_last_skip=\skip51
\g__xeCJK_node_int=\count182
\c__xeCJK_CJK_node_dim=\dimen138
\c__xeCJK_CJK-space_node_dim=\dimen139
\c__xeCJK_default_node_dim=\dimen140
\c__xeCJK_default-space_node_dim=\dimen141
\c__xeCJK_CJK-widow_node_dim=\dimen142
\c__xeCJK_normalspace_node_dim=\dimen143
\l__xeCJK_ccglue_skip=\skip52
\l__xeCJK_ecglue_skip=\skip53
\l__xeCJK_punct_kern_skip=\skip54
\l__xeCJK_last_penalty_int=\count183
\l__xeCJK_last_bound_dim=\dimen144
\l__xeCJK_last_kern_dim=\dimen145
\l__xeCJK_widow_penalty_int=\count184

Package xtemplate Info: Declaring object type 'xeCJK/punctuation' taking 0
(xtemplate)             argument(s) on line 2362.

\l__xeCJK_fixed_punct_width_dim=\dimen146
\l__xeCJK_mixed_punct_width_dim=\dimen147
\l__xeCJK_middle_punct_width_dim=\dimen148
\l__xeCJK_fixed_margin_width_dim=\dimen149
\l__xeCJK_mixed_margin_width_dim=\dimen150
\l__xeCJK_middle_margin_width_dim=\dimen151
\l__xeCJK_bound_punct_width_dim=\dimen152
\l__xeCJK_bound_margin_width_dim=\dimen153
\l__xeCJK_margin_minimum_dim=\dimen154
\l__xeCJK_kerning_total_width_dim=\dimen155
\l__xeCJK_same_align_margin_dim=\dimen156
\l__xeCJK_different_align_margin_dim=\dimen157
\l__xeCJK_kerning_margin_width_dim=\dimen158
\l__xeCJK_kerning_margin_minimum_dim=\dimen159
\l__xeCJK_bound_dim=\dimen160
\l__xeCJK_reverse_bound_dim=\dimen161
\l__xeCJK_minimum_bound_dim=\dimen162
\l__xeCJK_kerning_margin_dim=\dimen163
\l__xeCJK_original_margin_dim=\dimen164
\g__xeCJK_family_int=\count185
\l__xeCJK_fam_int=\count186
\g__xeCJK_fam_allocation_int=\count187
\l__xeCJK_verb_case_int=\count188
\l__xeCJK_verb_exspace_skip=\skip55
 (c:/ProgramData/texlive/2018/texmf-dist/tex/latex/fontspec/fontspec.sty
Package: fontspec 2018/07/30 vv2.6h Font selection for XeLaTeX and LuaLaTeX

(c:/ProgramData/texlive/2018/texmf-dist/tex/latex/fontspec/fontspec-xetex.sty
Package: fontspec-xetex 2018/07/30 vv2.6h Font selection for XeLaTeX and LuaLaT
eX
\l__fontspec_script_int=\count189
\l__fontspec_language_int=\count190
\l__fontspec_strnum_int=\count191
\l__fontspec_tmp_int=\count192
\l__fontspec_em_int=\count193
\l__fontspec_emdef_int=\count194
\l__fontspec_strong_int=\count195
\l__fontspec_strongdef_int=\count196
\l__fontspec_tmpa_dim=\dimen165
\l__fontspec_tmpb_dim=\dimen166
\l__fontspec_tmpc_dim=\dimen167

(c:/ProgramData/texlive/2018/texmf-dist/tex/latex/base/fontenc.sty
Package: fontenc 2018/08/11 v2.0j Standard LaTeX package

(c:/ProgramData/texlive/2018/texmf-dist/tex/latex/base/tuenc.def
File: tuenc.def 2018/08/11 v2.0j Standard LaTeX file
LaTeX Font Info:    Redeclaring font encoding TU on input line 82.
))
(c:/ProgramData/texlive/2018/texmf-dist/tex/latex/fontspec/fontspec.cfg)
LaTeX Info: Redefining \itshape on input line 3910.
LaTeX Info: Redefining \slshape on input line 3915.
LaTeX Info: Redefining \scshape on input line 3920.
LaTeX Info: Redefining \upshape on input line 3925.
LaTeX Info: Redefining \em on input line 3955.
LaTeX Info: Redefining \emph on input line 3980.
LaTeX Info: Redefining \- on input line 4034.
))
(c:/ProgramData/texlive/2018/texmf-dist/tex/xelatex/xecjk/xeCJK.cfg
File: xeCJK.cfg 2018/04/30 v3.7.1 Configuration file for xeCJK package
))
(c:/ProgramData/texlive/2018/texmf-dist/tex/xelatex/xecjk/xeCJKfntef.sty
Package: xeCJKfntef 2018/04/30 v3.7.1 xeCJK font effect

(c:/ProgramData/texlive/2018/texmf-dist/tex/generic/ulem/ulem.sty
\UL@box=\box44
\UL@hyphenbox=\box45
\UL@skip=\skip56
\UL@hook=\toks14
\UL@height=\dimen168
\UL@pe=\count197
\UL@pixel=\dimen169
\ULC@box=\box46
Package: ulem 2012/05/18
\ULdepth=\dimen170
)
(c:/ProgramData/texlive/2018/texmf-dist/tex/latex/environ/environ.sty
Package: environ 2014/05/04 v0.3 A new way to define environments

(c:/ProgramData/texlive/2018/texmf-dist/tex/latex/trimspaces/trimspaces.sty
Package: trimspaces 2009/09/17 v1.1 Trim spaces around a token list
)
\@envbody=\toks15
)
(c:/ProgramData/texlive/2018/texmf-dist/tex/latex/cjk/texinput/CJKfntef.sty
Package: CJKfntef 2015/04/18 4.8.4
\CJK@fntefSkip=\skip57
\CJK@nest=\count198
\CJK@fntefDimen=\dimen171
\CJK@underdotBox=\box47
\CJK@ULbox=\box48
\CJK@underanyskip=\dimen172
)
\l__xeCJK_space_skip=\skip58
\c__xeCJK_ulem-begin_node_dim=\dimen173
\c__xeCJK_null_box=\box49
\l__xeCJK_fntef_box=\box50
\l__xeCJK_under_symbol_box=\box51
\c__xeCJK_filll_skip=\skip59
)
\ccwd=\dimen174
\l__ctex_ccglue_skip=\skip60
)
\l__ctex_ziju_dim=\dimen175

(c:/ProgramData/texlive/2018/texmf-dist/tex/latex/zhnumber/zhnumber.sty
Package: zhnumber 2018/01/28 v2.6 Typesetting numbers with Chinese glyphs
\l__zhnum_scale_int=\count199

(c:/ProgramData/texlive/2018/texmf-dist/tex/latex/zhnumber/zhnumber-utf8.cfg
File: zhnumber-utf8.cfg 2018/01/28 v2.6 Chinese numerals with UTF8 encoding
))
\l__ctex_heading_skip=\skip61

(c:/ProgramData/texlive/2018/texmf-dist/tex/latex/ctex/scheme/ctex-scheme-chine
se-book.def
File: ctex-scheme-chinese-book.def 2018/05/02 v2.4.14 Chinese scheme for book (
CTEX)

(c:/ProgramData/texlive/2018/texmf-dist/tex/latex/ctex/config/ctex-name-utf8.cf
g
File: ctex-name-utf8.cfg 2018/05/02 v2.4.14 Caption with encoding UTF8 (CTEX)
)) (c:/ProgramData/texlive/2018/texmf-dist/tex/latex/ctex/ctex-cs4size.clo
File: ctex-cs4size.clo 2018/05/02 v2.4.14 cs4size option (CTEX)
)
(c:/ProgramData/texlive/2018/texmf-dist/tex/latex/ctex/fontset/ctex-fontset-win
dows.def
File: ctex-fontset-windows.def 2018/05/02 v2.4.14 Windows fonts definition (CTE
X)

(c:/ProgramData/texlive/2018/texmf-dist/tex/latex/ctex/fontset/ctex-fontset-win
dowsnew.def
File: ctex-fontset-windowsnew.def 2018/05/02 v2.4.14 Windows fonts definition f
or Vista or later version (CTEX)

Package fontspec Info: Could not resolve font "KaiTi/B" (it probably doesn't
(fontspec)             exist).


Package fontspec Info: Could not resolve font "SimHei/I" (it probably doesn't
(fontspec)             exist).


Package fontspec Info: Could not resolve font "SimSun/BI" (it probably doesn't
(fontspec)             exist).


Package fontspec Info: Font family 'SimSun(0)' created for font 'SimSun' with
(fontspec)             options
(fontspec)             [Script={CJK},BoldFont={SimHei},ItalicFont={KaiTi}].
(fontspec)              
(fontspec)              This font family consists of the following NFSS
(fontspec)             series/shapes:
(fontspec)              
(fontspec)             - 'normal' (m/n) with NFSS spec.:
(fontspec)             <->"SimSun/OT:script=hani;language=DFLT;"
(fontspec)             - 'small caps'  (m/sc) with NFSS spec.: 
(fontspec)             - 'bold' (bx/n) with NFSS spec.:
(fontspec)             <->"SimHei/OT:script=hani;language=DFLT;"
(fontspec)             - 'bold small caps'  (bx/sc) with NFSS spec.: 
(fontspec)             - 'italic' (m/it) with NFSS spec.:
(fontspec)             <->"KaiTi/OT:script=hani;language=DFLT;"
(fontspec)             - 'italic small caps'  (m/itsc) with NFSS spec.: 

)))
(c:/ProgramData/texlive/2018/texmf-dist/tex/latex/ctex/config/ctex.cfg
File: ctex.cfg 2018/05/02 v2.4.14 Configuration file (CTEX)
)
(c:/ProgramData/texlive/2018/texmf-dist/tex/latex/base/ifthen.sty
Package: ifthen 2014/09/29 v1.1c Standard LaTeX ifthen package (DPC)
)
(c:/ProgramData/texlive/2018/texmf-dist/tex/latex/amsmath/amsmath.sty
Package: amsmath 2018/12/01 v2.17b AMS math features
\@mathmargin=\skip62

For additional information on amsmath, use the `?' option.
(c:/ProgramData/texlive/2018/texmf-dist/tex/latex/amsmath/amstext.sty
Package: amstext 2000/06/29 v2.01 AMS text

(c:/ProgramData/texlive/2018/texmf-dist/tex/latex/amsmath/amsgen.sty
File: amsgen.sty 1999/11/30 v2.0 generic functions
\@emptytoks=\toks16
\ex@=\dimen176
))
(c:/ProgramData/texlive/2018/texmf-dist/tex/latex/amsmath/amsbsy.sty
Package: amsbsy 1999/11/29 v1.2d Bold Symbols
\pmbraise@=\dimen177
)
(c:/ProgramData/texlive/2018/texmf-dist/tex/latex/amsmath/amsopn.sty
Package: amsopn 2016/03/08 v2.02 operator names
)
\inf@bad=\count266
LaTeX Info: Redefining \frac on input line 223.
\uproot@=\count267
\leftroot@=\count268
LaTeX Info: Redefining \overline on input line 385.
\classnum@=\count269
\DOTSCASE@=\count270
LaTeX Info: Redefining \ldots on input line 482.
LaTeX Info: Redefining \dots on input line 485.
LaTeX Info: Redefining \cdots on input line 606.
\Mathstrutbox@=\box52
\strutbox@=\box53
\big@size=\dimen178
LaTeX Font Info:    Redeclaring font encoding OML on input line 729.
LaTeX Font Info:    Redeclaring font encoding OMS on input line 730.
\macc@depth=\count271
\c@MaxMatrixCols=\count272
\dotsspace@=\muskip17
\c@parentequation=\count273
\dspbrk@lvl=\count274
\tag@help=\toks17
\row@=\count275
\column@=\count276
\maxfields@=\count277
\andhelp@=\toks18
\eqnshift@=\dimen179
\alignsep@=\dimen180
\tagshift@=\dimen181
\tagwidth@=\dimen182
\totwidth@=\dimen183
\lineht@=\dimen184
\@envbody=\toks19
\multlinegap=\skip63
\multlinetaggap=\skip64
\mathdisplay@stack=\toks20
LaTeX Info: Redefining \[ on input line 2844.
LaTeX Info: Redefining \] on input line 2845.
)
(c:/ProgramData/texlive/2018/texmf-dist/tex/latex/amsfonts/amssymb.sty
Package: amssymb 2013/01/14 v3.01 AMS font symbols

(c:/ProgramData/texlive/2018/texmf-dist/tex/latex/amsfonts/amsfonts.sty
Package: amsfonts 2013/01/14 v3.01 Basic AMSFonts support
\symAMSa=\mathgroup4
\symAMSb=\mathgroup5
LaTeX Font Info:    Overwriting math alphabet `\mathfrak' in version `bold'
(Font)                  U/euf/m/n --> U/euf/b/n on input line 106.
))
(c:/ProgramData/texlive/2018/texmf-dist/tex/latex/jknapltx/mathrsfs.sty
Package: mathrsfs 1996/01/01 Math RSFS package v1.0 (jk)
\symrsfs=\mathgroup6
)
(c:/ProgramData/texlive/2018/texmf-dist/tex/latex/tools/bm.sty
Package: bm 2017/01/16 v1.2c Bold Symbol Support (DPC/FMi)
\symboldoperators=\mathgroup7
\symboldletters=\mathgroup8
\symboldsymbols=\mathgroup9
LaTeX Font Info:    Redeclaring math alphabet \mathbf on input line 141.
LaTeX Info: Redefining \bm on input line 207.
)
(c:/ProgramData/texlive/2018/texmf-dist/tex/latex/ntheorem/ntheorem.sty
Style `ntheorem', Version 1.33 <2011/08/15>
Package: ntheorem 2011/08/15 1.33
\theorem@style=\toks21
\theorem@@style=\toks22
\theorembodyfont=\toks23
\theoremnumbering=\toks24
\theorempreskipamount=\skip65
\theorempostskipamount=\skip66
\theoremframepreskipamount=\skip67
\theoremframepostskipamount=\skip68
\theoreminframepreskipamount=\skip69
\theoreminframepostskipamount=\skip70
\theorem@preskip=\toks25
\theorem@postskip=\toks26
\theorem@framepreskip=\toks27
\theorem@framepostskip=\toks28
\theorem@inframepreskip=\toks29
\theorem@inframepostskip=\toks30
\theoremindent=\dimen185
\theorem@indent=\dimen186
\theoremrightindent=\dimen187
\theorem@rightindent=\dimen188
\theoremheaderfont=\toks31
\theoremseparator=\toks32
\theoremprework=\toks33
\theorempostwork=\toks34
\theoremsymbol=\toks35
\qedsymbol=\toks36
\theoremkeyword=\toks37
\qedsymbol=\toks38
\thm@topsep=\skip71
\thm@topsepadd=\skip72
Package ntheorem Info: Option `thmmarks' loaded on input line 1175.
\c@endNonectr=\count278
\c@currNonectr=\count279
\mysavskip=\skip73
Package ntheorem Info: option `amsmath' handling for `thmmarks' loaded on input
 line 1175.
\thm@amstmpdepth=\dimen189
\tagwidth=\dimen190
) (c:/ProgramData/texlive/2018/texmf-dist/tex/latex/txfonts/txfonts.sty
Package: txfonts 2008/01/22 v3.2.1
LaTeX Font Info:    Redeclaring symbol font `operators' on input line 21.
LaTeX Font Info:    Overwriting symbol font `operators' in version `normal'
(Font)                  OT1/cmr/m/n --> OT1/txr/m/n on input line 21.
LaTeX Font Info:    Overwriting symbol font `operators' in version `bold'
(Font)                  OT1/cmr/bx/n --> OT1/txr/m/n on input line 21.
LaTeX Font Info:    Overwriting symbol font `operators' in version `bold'
(Font)                  OT1/txr/m/n --> OT1/txr/bx/n on input line 22.
\symitalic=\mathgroup10
LaTeX Font Info:    Overwriting symbol font `italic' in version `bold'
(Font)                  OT1/txr/m/it --> OT1/txr/bx/it on input line 26.
LaTeX Font Info:    Redeclaring math alphabet \mathbf on input line 29.
LaTeX Font Info:    Redeclaring math alphabet \mathit on input line 30.
LaTeX Font Info:    Overwriting math alphabet `\mathit' in version `normal'
(Font)                  OT1/cmr/m/it --> OT1/txr/m/it on input line 30.
LaTeX Font Info:    Overwriting math alphabet `\mathit' in version `bold'
(Font)                  OT1/cmr/bx/it --> OT1/txr/m/it on input line 30.
LaTeX Font Info:    Overwriting math alphabet `\mathit' in version `bold'
(Font)                  OT1/txr/m/it --> OT1/txr/bx/it on input line 31.
LaTeX Font Info:    Redeclaring math alphabet \mathsf on input line 40.
LaTeX Font Info:    Overwriting math alphabet `\mathsf' in version `normal'
(Font)                  OT1/cmss/m/n --> OT1/txss/m/n on input line 40.
LaTeX Font Info:    Overwriting math alphabet `\mathsf' in version `bold'
(Font)                  OT1/cmss/bx/n --> OT1/txss/m/n on input line 40.
LaTeX Font Info:    Overwriting math alphabet `\mathsf' in version `bold'
(Font)                  OT1/txss/m/n --> OT1/txss/b/n on input line 41.
LaTeX Font Info:    Redeclaring math alphabet \mathtt on input line 50.
LaTeX Font Info:    Overwriting math alphabet `\mathtt' in version `normal'
(Font)                  OT1/cmtt/m/n --> OT1/txtt/m/n on input line 50.
LaTeX Font Info:    Overwriting math alphabet `\mathtt' in version `bold'
(Font)                  OT1/cmtt/m/n --> OT1/txtt/m/n on input line 50.
LaTeX Font Info:    Overwriting math alphabet `\mathtt' in version `bold'
(Font)                  OT1/txtt/m/n --> OT1/txtt/b/n on input line 51.
LaTeX Font Info:    Redeclaring symbol font `letters' on input line 58.
LaTeX Font Info:    Overwriting symbol font `letters' in version `normal'
(Font)                  OML/cmm/m/it --> OML/txmi/m/it on input line 58.
LaTeX Font Info:    Overwriting symbol font `letters' in version `bold'
(Font)                  OML/cmm/b/it --> OML/txmi/m/it on input line 58.
LaTeX Font Info:    Overwriting symbol font `letters' in version `bold'
(Font)                  OML/txmi/m/it --> OML/txmi/bx/it on input line 59.
\symlettersA=\mathgroup11
LaTeX Font Info:    Overwriting symbol font `lettersA' in version `bold'
(Font)                  U/txmia/m/it --> U/txmia/bx/it on input line 67.
LaTeX Font Info:    Redeclaring math alphabet \mathfrak on input line 70.
LaTeX Font Info:    Redeclaring symbol font `symbols' on input line 77.
LaTeX Font Info:    Overwriting symbol font `symbols' in version `normal'
(Font)                  OMS/cmsy/m/n --> OMS/txsy/m/n on input line 77.
LaTeX Font Info:    Overwriting symbol font `symbols' in version `bold'
(Font)                  OMS/cmsy/b/n --> OMS/txsy/m/n on input line 77.
LaTeX Font Info:    Overwriting symbol font `symbols' in version `bold'
(Font)                  OMS/txsy/m/n --> OMS/txsy/bx/n on input line 78.
LaTeX Font Info:    Redeclaring symbol font `AMSa' on input line 93.
LaTeX Font Info:    Overwriting symbol font `AMSa' in version `normal'
(Font)                  U/msa/m/n --> U/txsya/m/n on input line 93.
LaTeX Font Info:    Overwriting symbol font `AMSa' in version `bold'
(Font)                  U/msa/m/n --> U/txsya/m/n on input line 93.
LaTeX Font Info:    Overwriting symbol font `AMSa' in version `bold'
(Font)                  U/txsya/m/n --> U/txsya/bx/n on input line 94.
LaTeX Font Info:    Redeclaring symbol font `AMSb' on input line 102.
LaTeX Font Info:    Overwriting symbol font `AMSb' in version `normal'
(Font)                  U/msb/m/n --> U/txsyb/m/n on input line 102.
LaTeX Font Info:    Overwriting symbol font `AMSb' in version `bold'
(Font)                  U/msb/m/n --> U/txsyb/m/n on input line 102.
LaTeX Font Info:    Overwriting symbol font `AMSb' in version `bold'
(Font)                  U/txsyb/m/n --> U/txsyb/bx/n on input line 103.
\symsymbolsC=\mathgroup12
LaTeX Font Info:    Overwriting symbol font `symbolsC' in version `bold'
(Font)                  U/txsyc/m/n --> U/txsyc/bx/n on input line 113.
LaTeX Font Info:    Redeclaring symbol font `largesymbols' on input line 120.
LaTeX Font Info:    Overwriting symbol font `largesymbols' in version `normal'
(Font)                  OMX/cmex/m/n --> OMX/txex/m/n on input line 120.
LaTeX Font Info:    Overwriting symbol font `largesymbols' in version `bold'
(Font)                  OMX/cmex/m/n --> OMX/txex/m/n on input line 120.
LaTeX Font Info:    Overwriting symbol font `largesymbols' in version `bold'
(Font)                  OMX/txex/m/n --> OMX/txex/bx/n on input line 121.
\symlargesymbolsA=\mathgroup13
LaTeX Font Info:    Overwriting symbol font `largesymbolsA' in version `bold'
(Font)                  U/txexa/m/n --> U/txexa/bx/n on input line 129.
LaTeX Info: Redefining \not on input line 1043.
)

Package fontspec Info: Font family 'TimesNewRoman(0)' created for font 'Times
(fontspec)             New Roman' with options [Ligatures=TeX].
(fontspec)              
(fontspec)              This font family consists of the following NFSS
(fontspec)             series/shapes:
(fontspec)              
(fontspec)             - 'normal' (m/n) with NFSS spec.: <->"Times New
(fontspec)             Roman/OT:script=latn;language=DFLT;mapping=tex-text;"
(fontspec)             - 'small caps'  (m/sc) with NFSS spec.: <->"Times New
(fontspec)             Roman/OT:script=latn;language=DFLT;+smcp;mapping=tex-tex
t;"
(fontspec)             - 'bold' (bx/n) with NFSS spec.: <->"Times New
(fontspec)             Roman/B/OT:script=latn;language=DFLT;mapping=tex-text;"
(fontspec)             - 'bold small caps'  (bx/sc) with NFSS spec.: <->"Times
(fontspec)             New
(fontspec)             Roman/B/OT:script=latn;language=DFLT;+smcp;mapping=tex-t
ext;"
(fontspec)             - 'italic' (m/it) with NFSS spec.: <->"Times New
(fontspec)             Roman/I/OT:script=latn;language=DFLT;mapping=tex-text;"
(fontspec)             - 'italic small caps'  (m/itsc) with NFSS spec.:
(fontspec)             <->"Times New
(fontspec)             Roman/I/OT:script=latn;language=DFLT;+smcp;mapping=tex-t
ext;"
(fontspec)             - 'bold italic' (bx/it) with NFSS spec.: <->"Times New
(fontspec)             Roman/BI/OT:script=latn;language=DFLT;mapping=tex-text;"

(fontspec)             - 'bold italic small caps'  (bx/itsc) with NFSS spec.:
(fontspec)             <->"Times New
(fontspec)             Roman/BI/OT:script=latn;language=DFLT;+smcp;mapping=tex-
text;"

LaTeX Info: Redefining \rmfamily on input line 56.

(c:/ProgramData/texlive/2018/texmf-dist/tex/latex/graphics/color.sty
Package: color 2016/07/10 v1.1e Standard LaTeX Color (DPC)

(c:/ProgramData/texlive/2018/texmf-dist/tex/latex/graphics-cfg/color.cfg
File: color.cfg 2016/01/02 v1.6 sample color configuration
)
Package color Info: Driver file: xetex.def on input line 147.

(c:/ProgramData/texlive/2018/texmf-dist/tex/latex/graphics-def/xetex.def
File: xetex.def 2017/06/24 v5.0h Graphics/color driver for xetex
))
(c:/ProgramData/texlive/2018/texmf-dist/tex/latex/geometry/geometry.sty
Package: geometry 2018/04/16 v5.8 Page Geometry

(c:/ProgramData/texlive/2018/texmf-dist/tex/latex/graphics/keyval.sty
Package: keyval 2014/10/28 v1.15 key=value parser (DPC)
\KV@toks@=\toks39
)
(c:/ProgramData/texlive/2018/texmf-dist/tex/generic/oberdiek/ifpdf.sty
Package: ifpdf 2018/09/07 v3.3 Provides the ifpdf switch
)
(c:/ProgramData/texlive/2018/texmf-dist/tex/generic/oberdiek/ifvtex.sty
Package: ifvtex 2016/05/16 v1.6 Detect VTeX and its facilities (HO)
Package ifvtex Info: VTeX not detected.
)
(c:/ProgramData/texlive/2018/texmf-dist/tex/generic/ifxetex/ifxetex.sty
Package: ifxetex 2010/09/12 v0.6 Provides ifxetex conditional
)
\Gm@cnth=\count280
\Gm@cntv=\count281
\c@Gm@tempcnt=\count282
\Gm@bindingoffset=\dimen191
\Gm@wd@mp=\dimen192
\Gm@odd@mp=\dimen193
\Gm@even@mp=\dimen194
\Gm@layoutwidth=\dimen195
\Gm@layoutheight=\dimen196
\Gm@layouthoffset=\dimen197
\Gm@layoutvoffset=\dimen198
\Gm@dimlist=\toks40
)
*geometry* verbose mode - [ newgeometry ] result:
* driver: 
* paper: <default>
* layout: <same size as paper>
* layoutoffset:(h,v)=(0.0pt,0.0pt)
* modes: 
* h-part:(L,W,R)=(85.35826pt, 455.24411pt, 56.9055pt)
* v-part:(T,H,B)=(85.35826pt, 688.5567pt, 71.13188pt)
* \paperwidth=597.50787pt
* \paperheight=845.04684pt
* \textwidth=455.24411pt
* \textheight=688.5567pt
* \oddsidemargin=13.08827pt
* \evensidemargin=13.08827pt
* \topmargin=-13.13809pt
* \headheight=12.0pt
* \headsep=14.22636pt
* \topskip=12.0pt
* \footskip=30.0pt
* \marginparwidth=38.0pt
* \marginparsep=7.0pt
* \columnsep=10.0pt
* \skip\footins=10.8pt plus 4.0pt minus 2.0pt
* \hoffset=0.0pt
* \voffset=0.0pt
* \mag=1000
* \@twocolumnfalse
* \@twosidefalse
* \@mparswitchfalse
* \@reversemarginfalse
* (1in=72.27pt=25.4mm, 1cm=28.453pt)

*geometry* verbose mode - [ newgeometry ] result:
* driver: 
* paper: <default>
* layout: <same size as paper>
* layoutoffset:(h,v)=(0.0pt,0.0pt)
* modes: 
* h-part:(L,W,R)=(85.35826pt, 455.24411pt, 56.9055pt)
* v-part:(T,H,B)=(71.13188pt, 702.78308pt, 71.13188pt)
* \paperwidth=597.50787pt
* \paperheight=845.04684pt
* \textwidth=455.24411pt
* \textheight=702.78308pt
* \oddsidemargin=13.08827pt
* \evensidemargin=13.08827pt
* \topmargin=-43.81721pt
* \headheight=28.45274pt
* \headsep=14.22636pt
* \topskip=12.0pt
* \footskip=28.45274pt
* \marginparwidth=38.0pt
* \marginparsep=7.0pt
* \columnsep=10.0pt
* \skip\footins=10.8pt plus 4.0pt minus 2.0pt
* \hoffset=0.0pt
* \voffset=0.0pt
* \mag=1000
* \@twocolumnfalse
* \@twosidefalse
* \@mparswitchfalse
* \@reversemarginfalse
* (1in=72.27pt=25.4mm, 1cm=28.453pt)


(c:/ProgramData/texlive/2018/texmf-dist/tex/latex/fancyhdr/fancyhdr.sty
Package: fancyhdr 2017/06/30 v3.9a Extensive control of page headers and footer
s
\f@nch@headwidth=\skip74
\f@nch@O@elh=\skip75
\f@nch@O@erh=\skip76
\f@nch@O@olh=\skip77
\f@nch@O@orh=\skip78
\f@nch@O@elf=\skip79
\f@nch@O@erf=\skip80
\f@nch@O@olf=\skip81
\f@nch@O@orf=\skip82
)
(c:/ProgramData/texlive/2018/texmf-dist/tex/latex/titlesec/titletoc.sty
Package: titletoc 2011/12/15 v1.6 TOC entries
\ttl@leftsep=\dimen199
)
(c:/ProgramData/texlive/2018/texmf-dist/tex/latex/hyperref/hyperref.sty
Package: hyperref 2018/11/30 v6.88e Hypertext links for LaTeX

(c:/ProgramData/texlive/2018/texmf-dist/tex/generic/oberdiek/hobsub-hyperref.st
y
Package: hobsub-hyperref 2016/05/16 v1.14 Bundle oberdiek, subset hyperref (HO)


(c:/ProgramData/texlive/2018/texmf-dist/tex/generic/oberdiek/hobsub-generic.sty
Package: hobsub-generic 2016/05/16 v1.14 Bundle oberdiek, subset generic (HO)
Package: hobsub 2016/05/16 v1.14 Construct package bundles (HO)
Package: infwarerr 2016/05/16 v1.4 Providing info/warning/error messages (HO)
Package: ltxcmds 2016/05/16 v1.23 LaTeX kernel commands for general use (HO)
Package: ifluatex 2016/05/16 v1.4 Provides the ifluatex switch (HO)
Package ifluatex Info: LuaTeX not detected.
Package hobsub Info: Skipping package `ifvtex' (already loaded).
Package: intcalc 2016/05/16 v1.2 Expandable calculations with integers (HO)
Package hobsub Info: Skipping package `ifpdf' (already loaded).
Package: etexcmds 2016/05/16 v1.6 Avoid name clashes with e-TeX commands (HO)
Package etexcmds Info: Could not find \expanded.
(etexcmds)             That can mean that you are not using pdfTeX 1.50 or
(etexcmds)             that some package has redefined \expanded.
(etexcmds)             In the latter case, load this package earlier.
Package: kvsetkeys 2016/05/16 v1.17 Key value parser (HO)
Package: kvdefinekeys 2016/05/16 v1.4 Define keys (HO)
Package: pdftexcmds 2018/09/10 v0.29 Utility functions of pdfTeX for LuaTeX (HO
)
Package pdftexcmds Info: LuaTeX not detected.
Package pdftexcmds Info: pdfTeX >= 1.30 not detected.
Package pdftexcmds Info: \pdf@primitive is available.
Package pdftexcmds Info: \pdf@ifprimitive is available.
Package pdftexcmds Info: \pdfdraftmode not found.
Package: pdfescape 2016/05/16 v1.14 Implements pdfTeX's escape features (HO)
Package: bigintcalc 2016/05/16 v1.4 Expandable calculations on big integers (HO
)
Package: bitset 2016/05/16 v1.2 Handle bit-vector datatype (HO)
Package: uniquecounter 2016/05/16 v1.3 Provide unlimited unique counter (HO)
)
Package hobsub Info: Skipping package `hobsub' (already loaded).
Package: letltxmacro 2016/05/16 v1.5 Let assignment for LaTeX macros (HO)
Package: hopatch 2016/05/16 v1.3 Wrapper for package hooks (HO)
Package: xcolor-patch 2016/05/16 xcolor patch
Package: atveryend 2016/05/16 v1.9 Hooks at the very end of document (HO)
Package atveryend Info: \enddocument detected (standard20110627).
Package: atbegshi 2016/06/09 v1.18 At begin shipout hook (HO)
Package: refcount 2016/05/16 v3.5 Data extraction from label references (HO)
Package: hycolor 2016/05/16 v1.8 Color options for hyperref/bookmark (HO)
) (c:/ProgramData/texlive/2018/texmf-dist/tex/latex/oberdiek/auxhook.sty
Package: auxhook 2016/05/16 v1.4 Hooks for auxiliary files (HO)
)
(c:/ProgramData/texlive/2018/texmf-dist/tex/latex/oberdiek/kvoptions.sty
Package: kvoptions 2016/05/16 v3.12 Key value format for package options (HO)
)
\@linkdim=\dimen256
\Hy@linkcounter=\count283
\Hy@pagecounter=\count284

(c:/ProgramData/texlive/2018/texmf-dist/tex/latex/hyperref/pd1enc.def
File: pd1enc.def 2018/11/30 v6.88e Hyperref: PDFDocEncoding definition (HO)
)
\Hy@SavedSpaceFactor=\count285

(c:/ProgramData/texlive/2018/texmf-dist/tex/latex/latexconfig/hyperref.cfg
File: hyperref.cfg 2002/06/06 v1.2 hyperref configuration of TeXLive
)
Package hyperref Info: Option `unicode' set `true' on input line 4393.

(c:/ProgramData/texlive/2018/texmf-dist/tex/latex/hyperref/puenc.def
File: puenc.def 2018/11/30 v6.88e Hyperref: PDF Unicode definition (HO)
)
Package hyperref Info: Option `unicode' set `true' on input line 4393.
Package hyperref Info: Hyper figures OFF on input line 4519.
Package hyperref Info: Link nesting OFF on input line 4524.
Package hyperref Info: Hyper index ON on input line 4527.
Package hyperref Info: Plain pages OFF on input line 4534.
Package hyperref Info: Backreferencing OFF on input line 4539.
Package hyperref Info: Implicit mode ON; LaTeX internals redefined.
Package hyperref Info: Bookmarks ON on input line 4772.
\c@Hy@tempcnt=\count286

(c:/ProgramData/texlive/2018/texmf-dist/tex/latex/url/url.sty
\Urlmuskip=\muskip18
Package: url 2013/09/16  ver 3.4  Verb mode for urls, etc.
)
LaTeX Info: Redefining \url on input line 5125.
\XeTeXLinkMargin=\dimen257
\Fld@menulength=\count287
\Field@Width=\dimen258
\Fld@charsize=\dimen259
Package hyperref Info: Hyper figures OFF on input line 6380.
Package hyperref Info: Link nesting OFF on input line 6385.
Package hyperref Info: Hyper index ON on input line 6388.
Package hyperref Info: backreferencing OFF on input line 6395.
Package hyperref Info: Link coloring OFF on input line 6400.
Package hyperref Info: Link coloring with OCG OFF on input line 6405.
Package hyperref Info: PDF/A mode OFF on input line 6410.
LaTeX Info: Redefining \ref on input line 6450.
LaTeX Info: Redefining \pageref on input line 6454.
\Hy@abspage=\count288
\c@Item=\count289
\c@Hfootnote=\count290
)
Package hyperref Info: Driver: hxetex.

(c:/ProgramData/texlive/2018/texmf-dist/tex/latex/hyperref/hxetex.def
File: hxetex.def 2018/11/30 v6.88e Hyperref driver for XeTeX

(c:/ProgramData/texlive/2018/texmf-dist/tex/generic/oberdiek/stringenc.sty
Package: stringenc 2016/05/16 v1.11 Convert strings between diff. encodings (HO
)
)
\pdfm@box=\box54
\c@Hy@AnnotLevel=\count291
\HyField@AnnotCount=\count292
\Fld@listcount=\count293
\c@bookmark@seq@number=\count294

(c:/ProgramData/texlive/2018/texmf-dist/tex/latex/oberdiek/rerunfilecheck.sty
Package: rerunfilecheck 2016/05/16 v1.8 Rerun checks for auxiliary files (HO)
Package uniquecounter Info: New unique counter `rerunfilecheck' on input line 2
82.
)
\Hy@SectionHShift=\skip83
)
Package hyperref Info: Option `colorlinks' set `true' on input line 272.
Package hyperref Info: Option `bookmarksnumbered' set `true' on input line 283.

Package hyperref Info: Option `bookmarksopen' set `true' on input line 283.
(c:/ProgramData/texlive/2018/texmf-dist/tex/latex/natbib/natbib.sty
Package: natbib 2010/09/13 8.31b (PWD, AO)
\bibhang=\skip84
\bibsep=\skip85
LaTeX Info: Redefining \cite on input line 694.
\c@NAT@ctr=\count295
)
(c:/ProgramData/texlive/2018/texmf-dist/tex/latex/booktabs/booktabs.sty
Package: booktabs 2016/04/27 v1.618033 publication quality tables
\heavyrulewidth=\dimen260
\lightrulewidth=\dimen261
\cmidrulewidth=\dimen262
\belowrulesep=\dimen263
\belowbottomsep=\dimen264
\aboverulesep=\dimen265
\abovetopsep=\dimen266
\cmidrulesep=\dimen267
\cmidrulekern=\dimen268
\defaultaddspace=\dimen269
\@cmidla=\count296
\@cmidlb=\count297
\@aboverulesep=\dimen270
\@belowrulesep=\dimen271
\@thisruleclass=\count298
\@lastruleclass=\count299
\@thisrulewidth=\dimen272
)
(c:/ProgramData/texlive/2018/texmf-dist/tex/latex/tools/longtable.sty
Package: longtable 2014/10/28 v4.11 Multi-page Table package (DPC)
\LTleft=\skip86
\LTright=\skip87
\LTpre=\skip88
\LTpost=\skip89
\LTchunksize=\count300
\LTcapwidth=\dimen273
\LT@head=\box55
\LT@firsthead=\box56
\LT@foot=\box57
\LT@lastfoot=\box58
\LT@cols=\count301
\LT@rows=\count302
\c@LT@tables=\count303
\c@LT@chunks=\count304
\LT@p@ftn=\toks41
)
(c:/ProgramData/texlive/2018/texmf-dist/tex/latex/multirow/multirow.sty
Package: multirow 2018/08/03 v2.3 Span multiple rows of a table
\multirow@colwidth=\skip90
\multirow@cntb=\count305
\multirow@dima=\skip91
\bigstrutjot=\dimen274
)
(c:/ProgramData/texlive/2018/texmf-dist/tex/latex/tools/tabularx.sty
Package: tabularx 2016/02/03 v2.11b `tabularx' package (DPC)

(c:/ProgramData/texlive/2018/texmf-dist/tex/latex/tools/array.sty
Package: array 2018/11/13 v2.4j Tabular extension package (FMi)
\col@sep=\dimen275
\ar@mcellbox=\box59
\extrarowheight=\dimen276
\NC@list=\toks42
\extratabsurround=\skip92
\backup@length=\skip93
\ar@cellbox=\box60
)
\TX@col@width=\dimen277
\TX@old@table=\dimen278
\TX@old@col=\dimen279
\TX@target=\dimen280
\TX@delta=\dimen281
\TX@cols=\count306
\TX@ftn=\toks43
)
(c:/ProgramData/texlive/2018/texmf-dist/tex/latex/graphics/graphicx.sty
Package: graphicx 2017/06/01 v1.1a Enhanced LaTeX Graphics (DPC,SPQR)

(c:/ProgramData/texlive/2018/texmf-dist/tex/latex/graphics/graphics.sty
Package: graphics 2017/06/25 v1.2c Standard LaTeX Graphics (DPC,SPQR)

(c:/ProgramData/texlive/2018/texmf-dist/tex/latex/graphics/trig.sty
Package: trig 2016/01/03 v1.10 sin cos tan (DPC)
)
(c:/ProgramData/texlive/2018/texmf-dist/tex/latex/graphics-cfg/graphics.cfg
File: graphics.cfg 2016/06/04 v1.11 sample graphics configuration
)
Package graphics Info: Driver file: xetex.def on input line 99.
)
\Gin@req@height=\dimen282
\Gin@req@width=\dimen283
)
(c:/ProgramData/texlive/2018/texmf-dist/tex/latex/psnfss/pifont.sty
Package: pifont 2005/04/12 PSNFSS-v9.2a Pi font support (SPQR) 
LaTeX Font Info:    Try loading font information for U+pzd on input line 63.

(c:/ProgramData/texlive/2018/texmf-dist/tex/latex/psnfss/upzd.fd
File: upzd.fd 2001/06/04 font definitions for U/pzd.
)
LaTeX Font Info:    Try loading font information for U+psy on input line 64.

(c:/ProgramData/texlive/2018/texmf-dist/tex/latex/psnfss/upsy.fd
File: upsy.fd 2001/06/04 font definitions for U/psy.
))
(c:/ProgramData/texlive/2018/texmf-dist/tex/latex/subfigure/subfigure.sty
Package: subfigure 2002/03/15 v2.1.5 subfigure package
\subfigtopskip=\skip94
\subfigcapskip=\skip95
\subfigcaptopadj=\dimen284
\subfigbottomskip=\skip96
\subfigcapmargin=\dimen285
\subfiglabelskip=\skip97
\c@subfigure=\count307
\c@lofdepth=\count308
\c@subtable=\count309
\c@lotdepth=\count310

****************************************
* Local config file subfigure.cfg used *
****************************************
(c:/ProgramData/texlive/2018/texmf-dist/tex/latex/subfigure/subfigure.cfg)
\subfig@top=\skip98
\subfig@bottom=\skip99
)
(c:/ProgramData/texlive/2018/texmf-dist/tex/latex/enumitem/enumitem.sty
Package: enumitem 2018/11/30 v3.6 Customized lists
\labelindent=\skip100
\enit@outerparindent=\dimen286
\enit@toks=\toks44
\enit@inbox=\box61
\enitdp@description=\count311
)
(c:/ProgramData/texlive/2018/texmf-dist/tex/latex/listings/listings.sty
\lst@mode=\count312
\lst@gtempboxa=\box62
\lst@token=\toks45
\lst@length=\count313
\lst@currlwidth=\dimen287
\lst@column=\count314
\lst@pos=\count315
\lst@lostspace=\dimen288
\lst@width=\dimen289
\lst@newlines=\count316
\lst@lineno=\count317
\lst@maxwidth=\dimen290

(c:/ProgramData/texlive/2018/texmf-dist/tex/latex/listings/lstmisc.sty
File: lstmisc.sty 2018/09/02 1.7 (Carsten Heinz)
\c@lstnumber=\count318
\lst@skipnumbers=\count319
\lst@framebox=\box63
)
(c:/ProgramData/texlive/2018/texmf-dist/tex/latex/listings/listings.cfg
File: listings.cfg 2018/09/02 1.7 listings configuration
))
Package: listings 2018/09/02 1.7 (Carsten Heinz)
\c@currproofctr=\count320
\c@endproofctr=\count321
\c@proof=\count322
\c@currassumptionctr=\count323
\c@endassumptionctr=\count324
\c@assumption=\count325
\c@currdefinitionctr=\count326
\c@enddefinitionctr=\count327
\c@definition=\count328
\c@currpropositionctr=\count329
\c@endpropositionctr=\count330
\c@proposition=\count331
\c@currlemmactr=\count332
\c@endlemmactr=\count333
\c@lemma=\count334
\c@currtheoremctr=\count335
\c@endtheoremctr=\count336
\c@theorem=\count337
\c@curraxiomctr=\count338
\c@endaxiomctr=\count339
\c@axiom=\count340
\c@currcorollaryctr=\count341
\c@endcorollaryctr=\count342
\c@corollary=\count343
\c@currexercisectr=\count344
\c@endexercisectr=\count345
\c@exercise=\count346
\c@currexamplectr=\count347
\c@endexamplectr=\count348
\c@example=\count349
\c@currremarkctr=\count350
\c@endremarkctr=\count351
\c@remark=\count352
\c@currproblemctr=\count353
\c@endproblemctr=\count354
\c@problem=\count355
\c@currconjecturectr=\count356
\c@endconjecturectr=\count357
\c@conjecture=\count358

(c:/ProgramData/texlive/2018/texmf-dist/tex/generic/dirtree/dirtree.sty
Package: dirtree 2012/12/11 v0.32 package wrapper for dirtree

(c:/ProgramData/texlive/2018/texmf-dist/tex/generic/dirtree/dirtree.tex
`dirtree' v0.32, 2012/12/11 (jcc)
\DT@offset=\dimen291
\DT@width=\dimen292
\DT@sep=\dimen293
\DT@all=\dimen294
\DT@rulewidth=\dimen295
\DT@dotwidth=\dimen296
\DTbaselineskip=\dimen297
\DT@counti=\count359
\DT@countii=\count360
\DT@countiii=\count361
\DT@countiv=\count362
\DT@indent=\dimen298
\DT@parskip=\dimen299
\DT@baselineskip=\dimen300
)
File: dirtree.tex 2012/12/11 v0.32 `dirtree' (jcc)
)
(c:/ProgramData/texlive/2018/texmf-dist/tex/latex/caption/caption.sty
Package: caption 2018/10/06 v3.3-154 Customizing captions (AR)

(c:/ProgramData/texlive/2018/texmf-dist/tex/latex/caption/caption3.sty
Package: caption3 2018/09/12 v1.8c caption3 kernel (AR)
Package caption3 Info: TeX engine: e-TeX on input line 64.
\captionmargin=\dimen301
\captionmargin@=\dimen302
\captionwidth=\dimen303
\caption@tempdima=\dimen304
\caption@indent=\dimen305
\caption@parindent=\dimen306
\caption@hangindent=\dimen307
)
\c@caption@flags=\count363
\c@ContinuedFloat=\count364
Package caption Info: hyperref package is loaded.
Package caption Info: listings package is loaded.
Package caption Info: longtable package is loaded.

(c:/ProgramData/texlive/2018/texmf-dist/tex/latex/caption/ltcaption.sty
Package: ltcaption 2018/08/26 v1.4-95 longtable captions (AR)
)
Package caption Info: subfigure package is loaded.
)
(c:/ProgramData/texlive/2018/texmf-dist/tex/latex/setspace/setspace.sty
Package: setspace 2011/12/19 v6.7a set line spacing
)
\c@assign=\count365
)
(c:/ProgramData/texlive/2018/texmf-dist/tex/latex/pdfpages/pdfpages.sty
Package: pdfpages 2017/10/31 v0.5l Insert pages of external PDF documents (AM)

(c:/ProgramData/texlive/2018/texmf-dist/tex/latex/tools/calc.sty
Package: calc 2017/05/25 v4.3 Infix arithmetic (KKT,FJ)
\calc@Acount=\count366
\calc@Bcount=\count367
\calc@Adimen=\dimen308
\calc@Bdimen=\dimen309
\calc@Askip=\skip101
\calc@Bskip=\skip102
LaTeX Info: Redefining \setlength on input line 80.
LaTeX Info: Redefining \addtolength on input line 81.
\calc@Ccount=\count368
\calc@Cskip=\skip103
)
(c:/ProgramData/texlive/2018/texmf-dist/tex/latex/eso-pic/eso-pic.sty
Package: eso-pic 2018/04/12 v2.0h eso-pic (RN)
)
\AM@pagewidth=\dimen310
\AM@pageheight=\dimen311

(c:/ProgramData/texlive/2018/texmf-dist/tex/latex/pdfpages/ppxetex.def
File: ppxetex.def 2017/10/31 v0.5l Pdfpages driver for XeTeX (AM)
)
\AM@pagebox=\box64
\AM@global@opts=\toks46
\AM@toc@title=\toks47
\c@AM@survey=\count369
\AM@templatesizebox=\box65
)
(c:/ProgramData/texlive/2018/texmf-dist/tex/xelatex/xecjk/xeCJK-listings.sty
Package: xeCJK-listings 2018/04/30 v3.7.1 xeCJK patch file for listings
\l__xeCJK_listings_max_char_int=\count370
\l__xeCJK_listings_flag_int=\count371
)
(./main.aux (./introduction.aux) (./design.aux) (./coding.aux)
(./verification.aux) (./summary.aux) (./rule-template.aux))
\openout1 = `main.aux'.

LaTeX Font Info:    Checking defaults for OML/txmi/m/it on input line 6.
LaTeX Font Info:    Try loading font information for OML+txmi on input line 6.

(c:/ProgramData/texlive/2018/texmf-dist/tex/latex/txfonts/omltxmi.fd
File: omltxmi.fd 2000/12/15 v3.1
)
LaTeX Font Info:    ... okay on input line 6.
LaTeX Font Info:    Checking defaults for T1/cmr/m/n on input line 6.
LaTeX Font Info:    ... okay on input line 6.
LaTeX Font Info:    Checking defaults for OT1/cmr/m/n on input line 6.
LaTeX Font Info:    ... okay on input line 6.
LaTeX Font Info:    Checking defaults for OMS/txsy/m/n on input line 6.
LaTeX Font Info:    Try loading font information for OMS+txsy on input line 6.

(c:/ProgramData/texlive/2018/texmf-dist/tex/latex/txfonts/omstxsy.fd
File: omstxsy.fd 2000/12/15 v3.1
)
LaTeX Font Info:    ... okay on input line 6.
LaTeX Font Info:    Checking defaults for TU/lmr/m/n on input line 6.
LaTeX Font Info:    ... okay on input line 6.
LaTeX Font Info:    Checking defaults for OMX/txex/m/n on input line 6.
LaTeX Font Info:    Try loading font information for OMX+txex on input line 6.

(c:/ProgramData/texlive/2018/texmf-dist/tex/latex/txfonts/omxtxex.fd
File: omxtxex.fd 2000/12/15 v3.1
)
LaTeX Font Info:    ... okay on input line 6.
LaTeX Font Info:    Checking defaults for U/txexa/m/n on input line 6.
LaTeX Font Info:    Try loading font information for U+txexa on input line 6.

(c:/ProgramData/texlive/2018/texmf-dist/tex/latex/txfonts/utxexa.fd
File: utxexa.fd 2000/12/15 v3.1
)
LaTeX Font Info:    ... okay on input line 6.
LaTeX Font Info:    Checking defaults for TS1/cmr/m/n on input line 6.
LaTeX Font Info:    ... okay on input line 6.
LaTeX Font Info:    Checking defaults for PD1/pdf/m/n on input line 6.
LaTeX Font Info:    ... okay on input line 6.
LaTeX Font Info:    Checking defaults for PU/pdf/m/n on input line 6.
LaTeX Font Info:    ... okay on input line 6.

ABD: EverySelectfont initializing macros
LaTeX Info: Redefining \selectfont on input line 6.

Package fontspec Info: Adjusting the maths setup (use [no-math] to avoid
(fontspec)             this).

\symlegacymaths=\mathgroup14
LaTeX Font Info:    Overwriting symbol font `legacymaths' in version `bold'
(Font)                  OT1/cmr/m/n --> OT1/cmr/bx/n on input line 6.
LaTeX Font Info:    Redeclaring math accent \acute on input line 6.
LaTeX Font Info:    Redeclaring math accent \grave on input line 6.
LaTeX Font Info:    Redeclaring math accent \ddot on input line 6.
LaTeX Font Info:    Redeclaring math accent \tilde on input line 6.
LaTeX Font Info:    Redeclaring math accent \bar on input line 6.
LaTeX Font Info:    Redeclaring math accent \breve on input line 6.
LaTeX Font Info:    Redeclaring math accent \check on input line 6.
LaTeX Font Info:    Redeclaring math accent \hat on input line 6.
LaTeX Font Info:    Redeclaring math accent \dot on input line 6.
LaTeX Font Info:    Redeclaring math accent \mathring on input line 6.
LaTeX Font Info:    Redeclaring math symbol \Gamma on input line 6.
LaTeX Font Info:    Redeclaring math symbol \Delta on input line 6.
LaTeX Font Info:    Redeclaring math symbol \Theta on input line 6.
LaTeX Font Info:    Redeclaring math symbol \Lambda on input line 6.
LaTeX Font Info:    Redeclaring math symbol \Xi on input line 6.
LaTeX Font Info:    Redeclaring math symbol \Pi on input line 6.
LaTeX Font Info:    Redeclaring math symbol \Sigma on input line 6.
LaTeX Font Info:    Redeclaring math symbol \Upsilon on input line 6.
LaTeX Font Info:    Redeclaring math symbol \Phi on input line 6.
LaTeX Font Info:    Redeclaring math symbol \Psi on input line 6.
LaTeX Font Info:    Redeclaring math symbol \Omega on input line 6.
LaTeX Font Info:    Redeclaring math symbol \mathdollar on input line 6.
LaTeX Font Info:    Redeclaring symbol font `operators' on input line 6.
LaTeX Font Info:    Encoding `OT1' has changed to `TU' for symbol font
(Font)              `operators' in the math version `normal' on input line 6.
LaTeX Font Info:    Overwriting symbol font `operators' in version `normal'
(Font)                  OT1/txr/m/n --> TU/TimesNewRoman(0)/m/n on input line 6
.
LaTeX Font Info:    Encoding `OT1' has changed to `TU' for symbol font
(Font)              `operators' in the math version `bold' on input line 6.
LaTeX Font Info:    Overwriting symbol font `operators' in version `bold'
(Font)                  OT1/txr/bx/n --> TU/TimesNewRoman(0)/m/n on input line 
6.
LaTeX Font Info:    Overwriting symbol font `operators' in version `normal'
(Font)                  TU/TimesNewRoman(0)/m/n --> TU/TimesNewRoman(0)/m/n on 
input line 6.
LaTeX Font Info:    Overwriting math alphabet `\mathit' in version `normal'
(Font)                  OT1/txr/m/it --> TU/TimesNewRoman(0)/m/it on input line
 6.
LaTeX Font Info:    Overwriting math alphabet `\mathbf' in version `normal'
(Font)                  OT1/txr/bx/n --> TU/TimesNewRoman(0)/bx/n on input line
 6.
LaTeX Font Info:    Overwriting math alphabet `\mathsf' in version `normal'
(Font)                  OT1/txss/m/n --> TU/txss/m/n on input line 6.
LaTeX Font Info:    Overwriting math alphabet `\mathtt' in version `normal'
(Font)                  OT1/txtt/m/n --> TU/txtt/m/n on input line 6.
LaTeX Font Info:    Overwriting symbol font `operators' in version `bold'
(Font)                  TU/TimesNewRoman(0)/m/n --> TU/TimesNewRoman(0)/bx/n on
 input line 6.
LaTeX Font Info:    Overwriting math alphabet `\mathit' in version `bold'
(Font)                  OT1/txr/bx/it --> TU/TimesNewRoman(0)/bx/it on input li
ne 6.
LaTeX Font Info:    Overwriting math alphabet `\mathsf' in version `bold'
(Font)                  OT1/txss/b/n --> TU/txss/bx/n on input line 6.
LaTeX Font Info:    Overwriting math alphabet `\mathtt' in version `bold'
(Font)                  OT1/txtt/b/n --> TU/txtt/bx/n on input line 6.

*geometry* driver: auto-detecting
*geometry* detected driver: xetex
*geometry* verbose mode - [ preamble ] result:
* driver: xetex
* paper: <default>
* layout: <same size as paper>
* layoutoffset:(h,v)=(0.0pt,0.0pt)
* modes: 
* h-part:(L,W,R)=(85.35826pt, 455.24411pt, 56.9055pt)
* v-part:(T,H,B)=(71.13188pt, 702.78308pt, 71.13188pt)
* \paperwidth=597.50787pt
* \paperheight=845.04684pt
* \textwidth=455.24411pt
* \textheight=688.5567pt
* \oddsidemargin=13.08827pt
* \evensidemargin=13.08827pt
* \topmargin=-13.13809pt
* \headheight=12.0pt
* \headsep=14.22636pt
* \topskip=12.0pt
* \footskip=30.0pt
* \marginparwidth=38.0pt
* \marginparsep=7.0pt
* \columnsep=10.0pt
* \skip\footins=10.8pt plus 4.0pt minus 2.0pt
* \hoffset=0.0pt
* \voffset=0.0pt
* \mag=1000
* \@twocolumnfalse
* \@twosidefalse
* \@mparswitchfalse
* \@reversemarginfalse
* (1in=72.27pt=25.4mm, 1cm=28.453pt)

\AtBeginShipoutBox=\box66
Package hyperref Info: Link coloring ON on input line 6.
(c:/ProgramData/texlive/2018/texmf-dist/tex/latex/hyperref/nameref.sty
Package: nameref 2016/05/21 v2.44 Cross-referencing by name of section

(c:/ProgramData/texlive/2018/texmf-dist/tex/generic/oberdiek/gettitlestring.sty
Package: gettitlestring 2016/05/16 v1.5 Cleanup title references (HO)
)
\c@section@level=\count372
)
LaTeX Info: Redefining \ref on input line 6.
LaTeX Info: Redefining \pageref on input line 6.
LaTeX Info: Redefining \nameref on input line 6.
 (./main.out) (./main.out)
\@outlinefile=\write3
\openout3 = `main.out'.

\c@lstlisting=\count373
Package caption Info: Begin \AtBeginDocument code.
Package caption Info: End \AtBeginDocument code.

(c:/ProgramData/texlive/2018/texmf-dist/tex/latex/oberdiek/pdflscape.sty
Package: pdflscape 2016/05/14 v0.11 Display of landscape pages in PDF (HO)

(c:/ProgramData/texlive/2018/texmf-dist/tex/latex/graphics/lscape.sty
Package: lscape 2000/10/22 v3.01 Landscape Pages (DPC)
)
Package pdflscape Info: Auto-detected driver: dvipdfm (xetex) on input line 99.

)
File: src/buaamark.eps Graphic file (type eps)
<src/buaamark.eps>
File: src/buaaname.eps Graphic file (type eps)
<src/buaaname.eps>

Package fontspec Info: Could not resolve font "KaiTi/BI" (it probably doesn't
(fontspec)             exist).


Package fontspec Info: Could not resolve font "KaiTi/B" (it probably doesn't
(fontspec)             exist).


Package fontspec Info: Could not resolve font "KaiTi/I" (it probably doesn't
(fontspec)             exist).


Package fontspec Info: Font family 'KaiTi(0)' created for font 'KaiTi' with
(fontspec)             options [Script={CJK}].
(fontspec)              
(fontspec)              This font family consists of the following NFSS
(fontspec)             series/shapes:
(fontspec)              
(fontspec)             - 'normal' (m/n) with NFSS spec.:
(fontspec)             <->"KaiTi/OT:script=hani;language=DFLT;"
(fontspec)             - 'small caps'  (m/sc) with NFSS spec.: 


Package fontspec Info: Could not resolve font "FangSong/BI" (it probably
(fontspec)             doesn't exist).


Package fontspec Info: Could not resolve font "FangSong/B" (it probably
(fontspec)             doesn't exist).


Package fontspec Info: Could not resolve font "FangSong/I" (it probably
(fontspec)             doesn't exist).


Package fontspec Info: Font family 'FangSong(0)' created for font 'FangSong'
(fontspec)             with options [Script={CJK}].
(fontspec)              
(fontspec)              This font family consists of the following NFSS
(fontspec)             series/shapes:
(fontspec)              
(fontspec)             - 'normal' (m/n) with NFSS spec.:
(fontspec)             <->"FangSong/OT:script=hani;language=DFLT;"
(fontspec)             - 'small caps'  (m/sc) with NFSS spec.: 



LaTeX Font Warning: Font shape `TU/FangSong(0)/bx/n' undefined
(Font)              using `TU/FangSong(0)/m/n' instead on input line 8.


LaTeX Font Warning: Font shape `TU/FangSong(0)/m/sc' undefined
(Font)              using `TU/FangSong(0)/m/n' instead on input line 8.

[1





]

Package fontspec Info: Could not resolve font "SimHei/BI" (it probably doesn't
(fontspec)             exist).


Package fontspec Info: Could not resolve font "SimHei/B" (it probably doesn't
(fontspec)             exist).


Package fontspec Info: Could not resolve font "SimHei/I" (it probably doesn't
(fontspec)             exist).


Package fontspec Info: Font family 'SimHei(0)' created for font 'SimHei' with
(fontspec)             options [Script={CJK}].
(fontspec)              
(fontspec)              This font family consists of the following NFSS
(fontspec)             series/shapes:
(fontspec)              
(fontspec)             - 'normal' (m/n) with NFSS spec.:
(fontspec)             <->"SimHei/OT:script=hani;language=DFLT;"
(fontspec)             - 'small caps'  (m/sc) with NFSS spec.: 



LaTeX Font Warning: Font shape `TU/SimHei(0)/bx/n' undefined
(Font)              using `TU/SimHei(0)/m/n' instead on input line 9.

(./main.toc
LaTeX Font Info:    Try loading font information for U+txsya on input line 1.
 (c:/ProgramData/texlive/2018/texmf-dist/tex/latex/txfonts/utxsya.fd
File: utxsya.fd 2000/12/15 v3.1
)
LaTeX Font Info:    Try loading font information for U+txsyb on input line 1.
 (c:/ProgramData/texlive/2018/texmf-dist/tex/latex/txfonts/utxsyb.fd
File: utxsyb.fd 2000/12/15 v3.1
)
LaTeX Font Info:    Try loading font information for U+rsfs on input line 1.

(c:/ProgramData/texlive/2018/texmf-dist/tex/latex/jknapltx/ursfs.fd
File: ursfs.fd 1998/03/24 rsfs font definition file (jk)
)
LaTeX Font Info:    Try loading font information for OT1+txr on input line 1.

(c:/ProgramData/texlive/2018/texmf-dist/tex/latex/txfonts/ot1txr.fd
File: ot1txr.fd 2000/12/15 v3.1
)
LaTeX Font Info:    Try loading font information for U+txmia on input line 1.

(c:/ProgramData/texlive/2018/texmf-dist/tex/latex/txfonts/utxmia.fd
File: utxmia.fd 2000/12/15 v3.1
)
LaTeX Font Info:    Try loading font information for U+txsyc on input line 1.

(c:/ProgramData/texlive/2018/texmf-dist/tex/latex/txfonts/utxsyc.fd
File: utxsyc.fd 2000/12/15 v3.1
)

Package fontspec Info: Could not resolve font "SimSun/BI" (it probably doesn't
(fontspec)             exist).


Package fontspec Info: Could not resolve font "SimSun/B" (it probably doesn't
(fontspec)             exist).


Package fontspec Info: Could not resolve font "SimSun/I" (it probably doesn't
(fontspec)             exist).


Package fontspec Info: Font family 'SimSun(1)' created for font 'SimSun' with
(fontspec)             options [Script={CJK}].
(fontspec)              
(fontspec)              This font family consists of the following NFSS
(fontspec)             series/shapes:
(fontspec)              
(fontspec)             - 'normal' (m/n) with NFSS spec.:
(fontspec)             <->"SimSun/OT:script=hani;language=DFLT;"
(fontspec)             - 'small caps'  (m/sc) with NFSS spec.: 

LaTeX Font Info:    Font shape `TU/TimesNewRoman(0)/m/sl' in size <12.045> not 
available
(Font)              Font shape `TU/TimesNewRoman(0)/m/it' tried instead on inpu
t line 28.
LaTeX Font Info:    Font shape `TU/TimesNewRoman(0)/m/sl' in size <18.06749> no
t available
(Font)              Font shape `TU/TimesNewRoman(0)/m/it' tried instead on inpu
t line 28.
LaTeX Font Info:    Font shape `TU/TimesNewRoman(0)/bx/sl' in size <18.06749> n
ot available
(Font)              Font shape `TU/TimesNewRoman(0)/bx/it' tried instead on inp
ut line 28.


LaTeX Font Warning: Font shape `TU/SimHei(0)/bx/sl' undefined
(Font)              using `TU/SimHei(0)/bx/n' instead on input line 28.


Package Fancyhdr Warning: \headheight is too small (12.0pt): 
 Make it at least 18.16914pt.
 We now make it that large for the rest of the document.
 This may cause the page layout to be inconsistent, however.

[1

])
\tf@toc=\write4
\openout4 = `main.toc'.


Overfull \vbox (1.83292pt too high) has occurred while \output is active []


[2]
\openout2 = `introduction.aux'.

 (./introduction.tex
1
File: src/introduction-1.png Graphic file (type bmp)
<src/introduction-1.png>
File: src/introduction-2.png Graphic file (type bmp)
<src/introduction-2.png>

Overfull \hbox (59.74893pt too wide) in paragraph at lines 26--27
 [] 
 []

LaTeX Font Info:    Font shape `TU/SimSun(0)/m/sl' in size <12.045> not availab
le
(Font)              Font shape `TU/SimSun(0)/m/it' tried instead on input line 
30.

Package Fancyhdr Warning: \headheight is too small (12.0pt): 
 Make it at least 18.16914pt.
 We now make it that large for the rest of the document.
 This may cause the page layout to be inconsistent, however.

[3


]
File: src/introduction-r5.png Graphic file (type bmp)
<src/introduction-r5.png>
File: src/introduction-r10.png Graphic file (type bmp)
<src/introduction-r10.png>
File: src/introduction-3.png Graphic file (type bmp)
<src/introduction-3.png>

Overfull \hbox (4.27954pt too wide) in paragraph at lines 39--42
 [] 
 []


Overfull \hbox (14.46776pt too wide) in paragraph at lines 39--42
 [] 
 []

File: src/introduction-4.png Graphic file (type bmp)
<src/introduction-4.png>
)

LaTeX Warning: `h' float specifier changed to `ht'.

[4] [5]
\openout2 = `design.aux'.

 (./design.tex
2
)

Package Fancyhdr Warning: \headheight is too small (12.0pt): 
 Make it at least 18.16914pt.
 We now make it that large for the rest of the document.
 This may cause the page layout to be inconsistent, however.

[6



]
\openout2 = `coding.aux'.

 (./coding.tex
3
)

Package Fancyhdr Warning: \headheight is too small (12.0pt): 
 Make it at least 18.16914pt.
 We now make it that large for the rest of the document.
 This may cause the page layout to be inconsistent, however.

[7



]
\openout2 = `verification.aux'.

 (./verification.tex
4

LaTeX Font Warning: Font shape `U/rsfs/m/n' in size <10.53937> not available
(Font)              size <10.95> substituted on input line 5.


Overfull \hbox (22.61635pt too wide) in paragraph at lines 5--15
[][]
 []


Underfull \hbox (badness 10000) in paragraph at lines 5--15

 []

)

Package Fancyhdr Warning: \headheight is too small (12.0pt): 
 Make it at least 18.16914pt.
 We now make it that large for the rest of the document.
 This may cause the page layout to be inconsistent, however.

[8



]
\openout2 = `summary.aux'.

 (./summary.tex
5
)

Package Fancyhdr Warning: \headheight is too small (12.0pt): 
 Make it at least 18.16914pt.
 We now make it that large for the rest of the document.
 This may cause the page layout to be inconsistent, however.

[9



]
\openout2 = `rule-template.aux'.

 (./rule-template.tex
 A
LaTeX Font Info:    Try loading font information for TU+txtt on input line 4.
LaTeX Font Info:    No file TUtxtt.fd. on input line 4.

LaTeX Font Warning: Font shape `TU/txtt/m/n' undefined
(Font)              using `TU/lmr/m/n' instead on input line 4.


Overfull \hbox (7.46667pt too wide) in paragraph at lines 12--14
[]\TU/txtt/m/n/12.045 applyScope\TU/TimesNewRoman(0)/m/n/12.045 : \TU/SimSun(1)
/m/n/12.045     |      \TU/TimesNewRoman(0)/m/n/12.045 actionStep(f
low \TU/SimSun(1)/m/n/12.045    \TU/TimesNewRoman(0)/m/n/12.045 )\TU/SimSun
(1)/m/n/12.045 | \TU/TimesNewRoman(0)/m/n/12.045 allSentence(RUCM
 []


Package Fancyhdr Warning: \headheight is too small (12.0pt): 
 Make it at least 18.16914pt.
 We now make it that large for the rest of the document.
 This may cause the page layout to be inconsistent, however.

[10



]) [11]
 B
File: src/RUCMDomainAnalysisReport.pdf Graphic file (type pdf)
<use src/RUCMDomainAnalysisReport.pdf>
File: src/RUCMDomainAnalysisReport.pdf Graphic file (type pdf)
<use src/RUCMDomainAnalysisReport.pdf>
File: src/RUCMDomainAnalysisReport.pdf Graphic file (type pdf)
<use src/RUCMDomainAnalysisReport.pdf, page 1>
File: src/RUCMDomainAnalysisReport.pdf Graphic file (type pdf)
<use src/RUCMDomainAnalysisReport.pdf, page 1>

Package Fancyhdr Warning: \headheight is too small (12.0pt): 
 Make it at least 18.16914pt.
 We now make it that large for the rest of the document.
 This may cause the page layout to be inconsistent, however.

[12


]
File: src/RUCMDomainAnalysisReport.pdf Graphic file (type pdf)
<use src/RUCMDomainAnalysisReport.pdf, page 1>
File: src/RUCMDomainAnalysisReport.pdf Graphic file (type pdf)
<use src/RUCMDomainAnalysisReport.pdf, page 1>
File: src/RUCMDomainAnalysisReport.pdf Graphic file (type pdf)
<use src/RUCMDomainAnalysisReport.pdf, page 1>
 [13]
File: src/RUCMDomainAnalysisReport.pdf Graphic file (type pdf)
<use src/RUCMDomainAnalysisReport.pdf, page 2>
File: src/RUCMDomainAnalysisReport.pdf Graphic file (type pdf)
<use src/RUCMDomainAnalysisReport.pdf, page 2>
File: src/RUCMDomainAnalysisReport.pdf Graphic file (type pdf)
<use src/RUCMDomainAnalysisReport.pdf, page 2>
 [14]
File: src/RUCMDomainAnalysisReport.pdf Graphic file (type pdf)
<use src/RUCMDomainAnalysisReport.pdf, page 3>
File: src/RUCMDomainAnalysisReport.pdf Graphic file (type pdf)
<use src/RUCMDomainAnalysisReport.pdf, page 3>
File: src/RUCMDomainAnalysisReport.pdf Graphic file (type pdf)
<use src/RUCMDomainAnalysisReport.pdf, page 3>
 [15]
File: src/RUCMDomainAnalysisReport.pdf Graphic file (type pdf)
<use src/RUCMDomainAnalysisReport.pdf, page 4>
File: src/RUCMDomainAnalysisReport.pdf Graphic file (type pdf)
<use src/RUCMDomainAnalysisReport.pdf, page 4>
File: src/RUCMDomainAnalysisReport.pdf Graphic file (type pdf)
<use src/RUCMDomainAnalysisReport.pdf, page 4>
 [16]
File: src/RUCMDomainAnalysisReport.pdf Graphic file (type pdf)
<use src/RUCMDomainAnalysisReport.pdf, page 5>
File: src/RUCMDomainAnalysisReport.pdf Graphic file (type pdf)
<use src/RUCMDomainAnalysisReport.pdf, page 5>
File: src/RUCMDomainAnalysisReport.pdf Graphic file (type pdf)
<use src/RUCMDomainAnalysisReport.pdf, page 5>
 [17]
File: src/RUCMDomainAnalysisReport.pdf Graphic file (type pdf)
<use src/RUCMDomainAnalysisReport.pdf, page 6>
File: src/RUCMDomainAnalysisReport.pdf Graphic file (type pdf)
<use src/RUCMDomainAnalysisReport.pdf, page 6>
File: src/RUCMDomainAnalysisReport.pdf Graphic file (type pdf)
<use src/RUCMDomainAnalysisReport.pdf, page 6>
 [18]
File: src/RUCMDomainAnalysisReport.pdf Graphic file (type pdf)
<use src/RUCMDomainAnalysisReport.pdf, page 7>
File: src/RUCMDomainAnalysisReport.pdf Graphic file (type pdf)
<use src/RUCMDomainAnalysisReport.pdf, page 7>
File: src/RUCMDomainAnalysisReport.pdf Graphic file (type pdf)
<use src/RUCMDomainAnalysisReport.pdf, page 7>
 [19]
File: src/RUCMDomainAnalysisReport.pdf Graphic file (type pdf)
<use src/RUCMDomainAnalysisReport.pdf, page 8>
File: src/RUCMDomainAnalysisReport.pdf Graphic file (type pdf)
<use src/RUCMDomainAnalysisReport.pdf, page 8>
File: src/RUCMDomainAnalysisReport.pdf Graphic file (type pdf)
<use src/RUCMDomainAnalysisReport.pdf, page 8>
 [20]
File: src/RUCMDomainAnalysisReport.pdf Graphic file (type pdf)
<use src/RUCMDomainAnalysisReport.pdf, page 9>
File: src/RUCMDomainAnalysisReport.pdf Graphic file (type pdf)
<use src/RUCMDomainAnalysisReport.pdf, page 9>
File: src/RUCMDomainAnalysisReport.pdf Graphic file (type pdf)
<use src/RUCMDomainAnalysisReport.pdf, page 9>
 [21]
File: src/RUCMDomainAnalysisReport.pdf Graphic file (type pdf)
<use src/RUCMDomainAnalysisReport.pdf, page 10>
File: src/RUCMDomainAnalysisReport.pdf Graphic file (type pdf)
<use src/RUCMDomainAnalysisReport.pdf, page 10>
File: src/RUCMDomainAnalysisReport.pdf Graphic file (type pdf)
<use src/RUCMDomainAnalysisReport.pdf, page 10>
 [22]
File: src/RUCMDomainAnalysisReport.pdf Graphic file (type pdf)
<use src/RUCMDomainAnalysisReport.pdf, page 11>
File: src/RUCMDomainAnalysisReport.pdf Graphic file (type pdf)
<use src/RUCMDomainAnalysisReport.pdf, page 11>
File: src/RUCMDomainAnalysisReport.pdf Graphic file (type pdf)
<use src/RUCMDomainAnalysisReport.pdf, page 11>
 [23]
File: src/RUCMDomainAnalysisReport.pdf Graphic file (type pdf)
<use src/RUCMDomainAnalysisReport.pdf, page 12>
File: src/RUCMDomainAnalysisReport.pdf Graphic file (type pdf)
<use src/RUCMDomainAnalysisReport.pdf, page 12>
File: src/RUCMDomainAnalysisReport.pdf Graphic file (type pdf)
<use src/RUCMDomainAnalysisReport.pdf, page 12>
 [24]
File: src/RUCMDomainAnalysisReport.pdf Graphic file (type pdf)
<use src/RUCMDomainAnalysisReport.pdf, page 13>
File: src/RUCMDomainAnalysisReport.pdf Graphic file (type pdf)
<use src/RUCMDomainAnalysisReport.pdf, page 13>
File: src/RUCMDomainAnalysisReport.pdf Graphic file (type pdf)
<use src/RUCMDomainAnalysisReport.pdf, page 13>
 [25]
File: src/RUCMDomainAnalysisReport.pdf Graphic file (type pdf)
<use src/RUCMDomainAnalysisReport.pdf, page 14>
File: src/RUCMDomainAnalysisReport.pdf Graphic file (type pdf)
<use src/RUCMDomainAnalysisReport.pdf, page 14>
File: src/RUCMDomainAnalysisReport.pdf Graphic file (type pdf)
<use src/RUCMDomainAnalysisReport.pdf, page 14>
 [26]
File: src/RUCMDomainAnalysisReport.pdf Graphic file (type pdf)
<use src/RUCMDomainAnalysisReport.pdf, page 15>
File: src/RUCMDomainAnalysisReport.pdf Graphic file (type pdf)
<use src/RUCMDomainAnalysisReport.pdf, page 15>
File: src/RUCMDomainAnalysisReport.pdf Graphic file (type pdf)
<use src/RUCMDomainAnalysisReport.pdf, page 15>

[27]
File: src/RUCMDomainAnalysisReport.pdf Graphic file (type pdf)
<use src/RUCMDomainAnalysisReport.pdf, page 16>
File: src/RUCMDomainAnalysisReport.pdf Graphic file (type pdf)
<use src/RUCMDomainAnalysisReport.pdf, page 16>
File: src/RUCMDomainAnalysisReport.pdf Graphic file (type pdf)
<use src/RUCMDomainAnalysisReport.pdf, page 16>
 [28]
File: src/RUCMDomainAnalysisReport.pdf Graphic file (type pdf)
<use src/RUCMDomainAnalysisReport.pdf, page 17>
File: src/RUCMDomainAnalysisReport.pdf Graphic file (type pdf)
<use src/RUCMDomainAnalysisReport.pdf, page 17>
File: src/RUCMDomainAnalysisReport.pdf Graphic file (type pdf)
<use src/RUCMDomainAnalysisReport.pdf, page 17>
 [29]
File: src/RUCMDomainAnalysisReport.pdf Graphic file (type pdf)
<use src/RUCMDomainAnalysisReport.pdf, page 18>
File: src/RUCMDomainAnalysisReport.pdf Graphic file (type pdf)
<use src/RUCMDomainAnalysisReport.pdf, page 18>
File: src/RUCMDomainAnalysisReport.pdf Graphic file (type pdf)
<use src/RUCMDomainAnalysisReport.pdf, page 18>
 [30]
File: src/RUCMDomainAnalysisReport.pdf Graphic file (type pdf)
<use src/RUCMDomainAnalysisReport.pdf, page 19>
File: src/RUCMDomainAnalysisReport.pdf Graphic file (type pdf)
<use src/RUCMDomainAnalysisReport.pdf, page 19>
File: src/RUCMDomainAnalysisReport.pdf Graphic file (type pdf)
<use src/RUCMDomainAnalysisReport.pdf, page 19>
 [31]
File: src/RUCMDomainAnalysisReport.pdf Graphic file (type pdf)
<use src/RUCMDomainAnalysisReport.pdf, page 20>
File: src/RUCMDomainAnalysisReport.pdf Graphic file (type pdf)
<use src/RUCMDomainAnalysisReport.pdf, page 20>
File: src/RUCMDomainAnalysisReport.pdf Graphic file (type pdf)
<use src/RUCMDomainAnalysisReport.pdf, page 20>
 [32]
File: src/RUCMDomainAnalysisReport.pdf Graphic file (type pdf)
<use src/RUCMDomainAnalysisReport.pdf, page 21>
File: src/RUCMDomainAnalysisReport.pdf Graphic file (type pdf)
<use src/RUCMDomainAnalysisReport.pdf, page 21>
File: src/RUCMDomainAnalysisReport.pdf Graphic file (type pdf)
<use src/RUCMDomainAnalysisReport.pdf, page 21>
 [33]
File: src/RUCMDomainAnalysisReport.pdf Graphic file (type pdf)
<use src/RUCMDomainAnalysisReport.pdf, page 22>
File: src/RUCMDomainAnalysisReport.pdf Graphic file (type pdf)
<use src/RUCMDomainAnalysisReport.pdf, page 22>
File: src/RUCMDomainAnalysisReport.pdf Graphic file (type pdf)
<use src/RUCMDomainAnalysisReport.pdf, page 22>
 [34]
File: src/RUCMDomainAnalysisReport.pdf Graphic file (type pdf)
<use src/RUCMDomainAnalysisReport.pdf, page 23>
File: src/RUCMDomainAnalysisReport.pdf Graphic file (type pdf)
<use src/RUCMDomainAnalysisReport.pdf, page 23>
File: src/RUCMDomainAnalysisReport.pdf Graphic file (type pdf)
<use src/RUCMDomainAnalysisReport.pdf, page 23>
 [35]
File: src/RUCMDomainAnalysisReport.pdf Graphic file (type pdf)
<use src/RUCMDomainAnalysisReport.pdf, page 24>
File: src/RUCMDomainAnalysisReport.pdf Graphic file (type pdf)
<use src/RUCMDomainAnalysisReport.pdf, page 24>
File: src/RUCMDomainAnalysisReport.pdf Graphic file (type pdf)
<use src/RUCMDomainAnalysisReport.pdf, page 24>
 [36]
File: src/RUCMDomainAnalysisReport.pdf Graphic file (type pdf)
<use src/RUCMDomainAnalysisReport.pdf, page 25>
File: src/RUCMDomainAnalysisReport.pdf Graphic file (type pdf)
<use src/RUCMDomainAnalysisReport.pdf, page 25>
File: src/RUCMDomainAnalysisReport.pdf Graphic file (type pdf)
<use src/RUCMDomainAnalysisReport.pdf, page 25>
 [37]
File: src/RUCMDomainAnalysisReport.pdf Graphic file (type pdf)
<use src/RUCMDomainAnalysisReport.pdf, page 26>
File: src/RUCMDomainAnalysisReport.pdf Graphic file (type pdf)
<use src/RUCMDomainAnalysisReport.pdf, page 26>
File: src/RUCMDomainAnalysisReport.pdf Graphic file (type pdf)
<use src/RUCMDomainAnalysisReport.pdf, page 26>
 [38]
File: src/RUCMDomainAnalysisReport.pdf Graphic file (type pdf)
<use src/RUCMDomainAnalysisReport.pdf, page 27>
File: src/RUCMDomainAnalysisReport.pdf Graphic file (type pdf)
<use src/RUCMDomainAnalysisReport.pdf, page 27>
File: src/RUCMDomainAnalysisReport.pdf Graphic file (type pdf)
<use src/RUCMDomainAnalysisReport.pdf, page 27>
 [39]
File: src/RUCMDomainAnalysisReport.pdf Graphic file (type pdf)
<use src/RUCMDomainAnalysisReport.pdf, page 28>
File: src/RUCMDomainAnalysisReport.pdf Graphic file (type pdf)
<use src/RUCMDomainAnalysisReport.pdf, page 28>
File: src/RUCMDomainAnalysisReport.pdf Graphic file (type pdf)
<use src/RUCMDomainAnalysisReport.pdf, page 28>
 [40]
File: src/RUCMDomainAnalysisReport.pdf Graphic file (type pdf)
<use src/RUCMDomainAnalysisReport.pdf, page 29>
File: src/RUCMDomainAnalysisReport.pdf Graphic file (type pdf)
<use src/RUCMDomainAnalysisReport.pdf, page 29>
File: src/RUCMDomainAnalysisReport.pdf Graphic file (type pdf)
<use src/RUCMDomainAnalysisReport.pdf, page 29>
 [41]
 C
File: src/RUCM-Manual.pdf Graphic file (type pdf)
<use src/RUCM-Manual.pdf>
File: src/RUCM-Manual.pdf Graphic file (type pdf)
<use src/RUCM-Manual.pdf>
File: src/RUCM-Manual.pdf Graphic file (type pdf)
<use src/RUCM-Manual.pdf, page 1>
File: src/RUCM-Manual.pdf Graphic file (type pdf)
<use src/RUCM-Manual.pdf, page 1>

Package Fancyhdr Warning: \headheight is too small (12.0pt): 
 Make it at least 18.16914pt.
 We now make it that large for the rest of the document.
 This may cause the page layout to be inconsistent, however.

[42

]
File: src/RUCM-Manual.pdf Graphic file (type pdf)
<use src/RUCM-Manual.pdf, page 1>
File: src/RUCM-Manual.pdf Graphic file (type pdf)
<use src/RUCM-Manual.pdf, page 1>
File: src/RUCM-Manual.pdf Graphic file (type pdf)
<use src/RUCM-Manual.pdf, page 1>
 [43]
File: src/RUCM-Manual.pdf Graphic file (type pdf)
<use src/RUCM-Manual.pdf, page 2>
File: src/RUCM-Manual.pdf Graphic file (type pdf)
<use src/RUCM-Manual.pdf, page 2>
File: src/RUCM-Manual.pdf Graphic file (type pdf)
<use src/RUCM-Manual.pdf, page 2>
 [44]
File: src/RUCM-Manual.pdf Graphic file (type pdf)
<use src/RUCM-Manual.pdf, page 3>
File: src/RUCM-Manual.pdf Graphic file (type pdf)
<use src/RUCM-Manual.pdf, page 3>
File: src/RUCM-Manual.pdf Graphic file (type pdf)
<use src/RUCM-Manual.pdf, page 3>
 [45]
File: src/RUCM-Manual.pdf Graphic file (type pdf)
<use src/RUCM-Manual.pdf, page 4>
File: src/RUCM-Manual.pdf Graphic file (type pdf)
<use src/RUCM-Manual.pdf, page 4>
File: src/RUCM-Manual.pdf Graphic file (type pdf)
<use src/RUCM-Manual.pdf, page 4>
 [46]
File: src/RUCM-Manual.pdf Graphic file (type pdf)
<use src/RUCM-Manual.pdf, page 5>
File: src/RUCM-Manual.pdf Graphic file (type pdf)
<use src/RUCM-Manual.pdf, page 5>
File: src/RUCM-Manual.pdf Graphic file (type pdf)
<use src/RUCM-Manual.pdf, page 5>
 [47]
File: src/RUCM-Manual.pdf Graphic file (type pdf)
<use src/RUCM-Manual.pdf, page 6>
File: src/RUCM-Manual.pdf Graphic file (type pdf)
<use src/RUCM-Manual.pdf, page 6>
File: src/RUCM-Manual.pdf Graphic file (type pdf)
<use src/RUCM-Manual.pdf, page 6>
 [48]
File: src/RUCM-Manual.pdf Graphic file (type pdf)
<use src/RUCM-Manual.pdf, page 7>
File: src/RUCM-Manual.pdf Graphic file (type pdf)
<use src/RUCM-Manual.pdf, page 7>
File: src/RUCM-Manual.pdf Graphic file (type pdf)
<use src/RUCM-Manual.pdf, page 7>
 [49]
File: src/RUCM-Manual.pdf Graphic file (type pdf)
<use src/RUCM-Manual.pdf, page 8>
File: src/RUCM-Manual.pdf Graphic file (type pdf)
<use src/RUCM-Manual.pdf, page 8>
File: src/RUCM-Manual.pdf Graphic file (type pdf)
<use src/RUCM-Manual.pdf, page 8>
 [50]
File: src/RUCM-Manual.pdf Graphic file (type pdf)
<use src/RUCM-Manual.pdf, page 9>
File: src/RUCM-Manual.pdf Graphic file (type pdf)
<use src/RUCM-Manual.pdf, page 9>
File: src/RUCM-Manual.pdf Graphic file (type pdf)
<use src/RUCM-Manual.pdf, page 9>
 [51]
File: src/RUCM-Manual.pdf Graphic file (type pdf)
<use src/RUCM-Manual.pdf, page 10>
File: src/RUCM-Manual.pdf Graphic file (type pdf)
<use src/RUCM-Manual.pdf, page 10>
File: src/RUCM-Manual.pdf Graphic file (type pdf)
<use src/RUCM-Manual.pdf, page 10>
 [52]
File: src/RUCM-Manual.pdf Graphic file (type pdf)
<use src/RUCM-Manual.pdf, page 11>
File: src/RUCM-Manual.pdf Graphic file (type pdf)
<use src/RUCM-Manual.pdf, page 11>
File: src/RUCM-Manual.pdf Graphic file (type pdf)
<use src/RUCM-Manual.pdf, page 11>
 [53]
File: src/RUCM-Manual.pdf Graphic file (type pdf)
<use src/RUCM-Manual.pdf, page 12>
File: src/RUCM-Manual.pdf Graphic file (type pdf)
<use src/RUCM-Manual.pdf, page 12>
File: src/RUCM-Manual.pdf Graphic file (type pdf)
<use src/RUCM-Manual.pdf, page 12>
 [54]
File: src/RUCM-Manual.pdf Graphic file (type pdf)
<use src/RUCM-Manual.pdf, page 13>
File: src/RUCM-Manual.pdf Graphic file (type pdf)
<use src/RUCM-Manual.pdf, page 13>
File: src/RUCM-Manual.pdf Graphic file (type pdf)
<use src/RUCM-Manual.pdf, page 13>
 [55]
File: src/RUCM-Manual.pdf Graphic file (type pdf)
<use src/RUCM-Manual.pdf, page 14>
File: src/RUCM-Manual.pdf Graphic file (type pdf)
<use src/RUCM-Manual.pdf, page 14>
File: src/RUCM-Manual.pdf Graphic file (type pdf)
<use src/RUCM-Manual.pdf, page 14>
 [56]
File: src/RUCM-Manual.pdf Graphic file (type pdf)
<use src/RUCM-Manual.pdf, page 15>
File: src/RUCM-Manual.pdf Graphic file (type pdf)
<use src/RUCM-Manual.pdf, page 15>
File: src/RUCM-Manual.pdf Graphic file (type pdf)
<use src/RUCM-Manual.pdf, page 15>

[57]
 D
File: src/testingReport.pdf Graphic file (type pdf)
<use src/testingReport.pdf>
File: src/testingReport.pdf Graphic file (type pdf)
<use src/testingReport.pdf>
File: src/testingReport.pdf Graphic file (type pdf)
<use src/testingReport.pdf, page 1>
File: src/testingReport.pdf Graphic file (type pdf)
<use src/testingReport.pdf, page 1>

Package Fancyhdr Warning: \headheight is too small (12.0pt): 
 Make it at least 18.16914pt.
 We now make it that large for the rest of the document.
 This may cause the page layout to be inconsistent, however.

[58

]
File: src/testingReport.pdf Graphic file (type pdf)
<use src/testingReport.pdf, page 1>
File: src/testingReport.pdf Graphic file (type pdf)
<use src/testingReport.pdf, page 1>
File: src/testingReport.pdf Graphic file (type pdf)
<use src/testingReport.pdf, page 1>
 [59]
File: src/testingReport.pdf Graphic file (type pdf)
<use src/testingReport.pdf, page 2>
File: src/testingReport.pdf Graphic file (type pdf)
<use src/testingReport.pdf, page 2>
File: src/testingReport.pdf Graphic file (type pdf)
<use src/testingReport.pdf, page 2>
 [60]
File: src/testingReport.pdf Graphic file (type pdf)
<use src/testingReport.pdf, page 3>
File: src/testingReport.pdf Graphic file (type pdf)
<use src/testingReport.pdf, page 3>
File: src/testingReport.pdf Graphic file (type pdf)
<use src/testingReport.pdf, page 3>
 [61]
File: src/testingReport.pdf Graphic file (type pdf)
<use src/testingReport.pdf, page 4>
File: src/testingReport.pdf Graphic file (type pdf)
<use src/testingReport.pdf, page 4>
File: src/testingReport.pdf Graphic file (type pdf)
<use src/testingReport.pdf, page 4>
 [62]
File: src/testingReport.pdf Graphic file (type pdf)
<use src/testingReport.pdf, page 5>
File: src/testingReport.pdf Graphic file (type pdf)
<use src/testingReport.pdf, page 5>
File: src/testingReport.pdf Graphic file (type pdf)
<use src/testingReport.pdf, page 5>
 [63]
File: src/testingReport.pdf Graphic file (type pdf)
<use src/testingReport.pdf, page 6>
File: src/testingReport.pdf Graphic file (type pdf)
<use src/testingReport.pdf, page 6>
File: src/testingReport.pdf Graphic file (type pdf)
<use src/testingReport.pdf, page 6>
 [64]
File: src/testingReport.pdf Graphic file (type pdf)
<use src/testingReport.pdf, page 7>
File: src/testingReport.pdf Graphic file (type pdf)
<use src/testingReport.pdf, page 7>
File: src/testingReport.pdf Graphic file (type pdf)
<use src/testingReport.pdf, page 7>
 [65]
File: src/testingReport.pdf Graphic file (type pdf)
<use src/testingReport.pdf, page 8>
File: src/testingReport.pdf Graphic file (type pdf)
<use src/testingReport.pdf, page 8>
File: src/testingReport.pdf Graphic file (type pdf)
<use src/testingReport.pdf, page 8>
 [66]
File: src/testingReport.pdf Graphic file (type pdf)
<use src/testingReport.pdf, page 9>
File: src/testingReport.pdf Graphic file (type pdf)
<use src/testingReport.pdf, page 9>
File: src/testingReport.pdf Graphic file (type pdf)
<use src/testingReport.pdf, page 9>
 [67]
File: src/testingReport.pdf Graphic file (type pdf)
<use src/testingReport.pdf, page 10>
File: src/testingReport.pdf Graphic file (type pdf)
<use src/testingReport.pdf, page 10>
File: src/testingReport.pdf Graphic file (type pdf)
<use src/testingReport.pdf, page 10>
 [68]
\tf@thm=\write5
\openout5 = `main.thm'.

Package atveryend Info: Empty hook `BeforeClearDocument' on input line 31.
Package atveryend Info: Empty hook `AfterLastShipout' on input line 31.
 (./main.aux
(./introduction.aux) (./design.aux) (./coding.aux) (./verification.aux)
(./summary.aux) (./rule-template.aux))
Package atveryend Info: Empty hook `AtVeryEndDocument' on input line 31.
Package atveryend Info: Executing hook `AtEndAfterFileList' on input line 31.
Package rerunfilecheck Info: File `main.out' has not changed.
(rerunfilecheck)             Checksum: 49865632A57B977350789C5F9ABE94EB.


LaTeX Font Warning: Size substitutions with differences
(Font)              up to 0.41063pt have occurred.


LaTeX Font Warning: Some font shapes were not available, defaults substituted.

Package atveryend Info: Empty hook `AtVeryVeryEnd' on input line 31.
 ) 
Here is how much of TeX's memory you used:
 30652 strings out of 492933
 592267 string characters out of 6131448
 679672 words of memory out of 5000000
 34201 multiletter control sequences out of 15000+600000
 557948 words of font info for 155 fonts, out of 8000000 for 9000
 1348 hyphenation exceptions out of 8191
 57i,18n,78p,832b,548s stack positions out of 5000i,500n,10000p,200000b,80000s

Output written on main.pdf (69 pages).
