\BOOKMARK [0][]{chapter.1}{\376\377\0001\000\040\000\040\230\171\166\356\151\202\217\360}{}% 1
\BOOKMARK [1][]{section.1.1}{\376\377\0001\000.\0001\000\040\217\157\116\366\213\276\213\241\147\266\147\204}{chapter.1}% 2
\BOOKMARK [1][]{section.1.2}{\376\377\0001\000.\0002\000\040\217\157\116\366\217\223\121\145\217\223\121\372\150\067\117\213}{chapter.1}% 3
\BOOKMARK [2][]{subsection.1.2.1}{\376\377\0001\000.\0002\000.\0001\000\040\217\223\121\145\150\067\117\213}{section.1.2}% 4
\BOOKMARK [2][]{subsection.1.2.2}{\376\377\0001\000.\0002\000.\0002\000\040\217\223\121\372\150\067\117\213}{section.1.2}% 5
\BOOKMARK [0][]{chapter.2}{\376\377\0002\000\040\000\040\230\171\166\356\213\276\213\241}{}% 6
\BOOKMARK [1][]{section.2.1}{\376\377\0002\000.\0001\000\040\174\173\126\376\213\364\146\016}{chapter.2}% 7
\BOOKMARK [2][]{subsection.2.1.1}{\376\377\0002\000.\0001\000.\0001\000\040\211\304\122\031\211\343\147\220\220\350\122\006}{section.2.1}% 8
\BOOKMARK [2][]{subsection.2.1.2}{\376\377\0002\000.\0001\000.\0002\000\040\211\304\122\031\133\236\117\123\220\350\122\006}{section.2.1}% 9
\BOOKMARK [2][]{subsection.2.1.3}{\376\377\0002\000.\0001\000.\0003\000\040\142\245\124\112\220\350\122\006}{section.2.1}% 10
\BOOKMARK [2][]{subsection.2.1.4}{\376\377\0002\000.\0001\000.\0004\000\040\000R\000U\000C\000M\220\350\122\006}{section.2.1}% 11
\BOOKMARK [2][]{subsection.2.1.5}{\376\377\0002\000.\0001\000.\0005\000\040\201\352\161\066\213\355\212\000\131\004\164\006\220\350\122\006}{section.2.1}% 12
\BOOKMARK [0][]{chapter.3}{\376\377\0003\000\040\000\040\116\343\170\001\133\236\163\260}{}% 13
\BOOKMARK [1][]{section.3.1}{\376\377\0003\000.\0001\000\040\166\370\121\163\142\200\147\057}{chapter.3}% 14
\BOOKMARK [2][]{subsection.3.1.1}{\376\377\0003\000.\0001\000.\0001\000\040\000N\000L\000P}{section.3.1}% 15
\BOOKMARK [2][]{subsection.3.1.2}{\376\377\0003\000.\0001\000.\0002\000\040\000B\000F\000S}{section.3.1}% 16
\BOOKMARK [1][]{section.3.2}{\376\377\0003\000.\0002\000\040\137\000\123\321\123\117\117\134\155\101\172\013}{chapter.3}% 17
\BOOKMARK [2][]{subsection.3.2.1}{\376\377\0003\000.\0002\000.\0001\000\040\000G\000I\000T}{section.3.2}% 18
\BOOKMARK [2][]{subsection.3.2.2}{\376\377\0003\000.\0002\000.\0002\000\040\122\006\152\041\127\127\137\000\123\321}{section.3.2}% 19
\BOOKMARK [1][]{section.3.3}{\376\377\0003\000.\0003\000\040\225\356\230\230\116\016\211\343\121\263\122\236\154\325}{chapter.3}% 20
\BOOKMARK [2][]{subsection.3.3.1}{\376\377\0003\000.\0003\000.\0001\000\040\000N\000L\000P\000\040\000S\000e\000r\000v\000e\000r}{section.3.3}% 21
\BOOKMARK [2][]{subsection.3.3.2}{\376\377\0003\000.\0003\000.\0002\000\040\131\015\147\102\211\304\122\031\166\204\133\236\163\260}{section.3.3}% 22
\BOOKMARK [0][]{chapter.4}{\376\377\0004\000\040\000\040\116\000\201\364\140\047\232\214\213\301}{}% 23
\BOOKMARK [1][]{section.4.1}{\376\377\0004\000.\0001\000\040\116\343\170\001\116\016\126\376\116\113\225\364\166\204\116\000\201\364\140\047}{chapter.4}% 24
\BOOKMARK [1][]{section.4.2}{\376\377\0004\000.\0002\000\040\145\366\136\217\126\376\060\001\155\073\122\250\126\376\116\016\174\173\126\376\116\113\225\364\166\204\116\000\201\364\140\047}{chapter.4}% 25
\BOOKMARK [1][]{section.4.3}{\376\377\0004\000.\0003\000\040\145\366\136\217\126\376\060\001\155\073\122\250\126\376\116\016\116\343\170\001\116\113\225\364\166\204\116\000\201\364\140\047}{chapter.4}% 26
\BOOKMARK [0][]{chapter.5}{\376\377\0005\000\040\000\040\230\171\166\356\140\073\176\323}{}% 27
\BOOKMARK [0][]{appendix.A}{\376\377\226\104\137\125\000\040\000A\000\040\000\040\000r\000u\000l\000e\000-\000t\000e\000m\000p\000l\000a\000t\000e\000\050\211\304\122\031\152\041\147\177\000\051\213\364\146\016}{}% 28
\BOOKMARK [0][]{appendix.B}{\376\377\226\104\137\125\000\040\000B\000\040\000\040\230\206\127\337\122\006\147\220\142\245\124\112}{}% 29
\BOOKMARK [0][]{appendix.C}{\376\377\226\104\137\125\000\040\000C\000\040\000\040\000R\000U\000C\000M\000-\000M\000a\000n\000u\000a\000l}{}% 30
\BOOKMARK [0][]{appendix.D}{\376\377\226\104\137\125\000\040\000D\000\040\000\040\155\113\213\325\142\245\124\112}{}% 31
